Log file open, 01/24/17 12:32:39
LogInit:Display: Running engine for game: FlyingBeavers_source
LogPlatformFile: Not using cached read wrapper
LogInit:Display: RandInit(-71631493) SRandInit(-71631493).
LogTaskGraph: Started task graph with 5 named threads and 10 total threads with 1 sets of task threads.
LogStats: Stats thread started at 0.107110
LogPluginManager: Loaded Plugin Paper2D, From C:/Program Files (x86)/Epic Games/4.14/Engine/Plugins/2D/Paper2D/Paper2D.uplugin
LogPluginManager: Loaded Plugin LightPropagationVolume, From C:/Program Files (x86)/Epic Games/4.14/Engine/Plugins/Blendables/LightPropagationVolume/LightPropagationVolume.uplugin
LogPluginManager: Loaded Plugin BlankPlugin, From C:/Program Files (x86)/Epic Games/4.14/Engine/Plugins/Developer/BlankPlugin/BlankPlugin.uplugin
LogPluginManager: Loaded Plugin CodeLiteSourceCodeAccess, From C:/Program Files (x86)/Epic Games/4.14/Engine/Plugins/Developer/CodeLiteSourceCodeAccess/CodeLiteSourceCodeAccess.uplugin
LogPluginManager: Loaded Plugin GitSourceControl, From C:/Program Files (x86)/Epic Games/4.14/Engine/Plugins/Developer/GitSourceControl/GitSourceControl.uplugin
LogPluginManager: Loaded Plugin KDevelopSourceCodeAccess, From C:/Program Files (x86)/Epic Games/4.14/Engine/Plugins/Developer/KDevelopSourceCodeAccess/KDevelopSourceCodeAccess.uplugin
LogPluginManager: Loaded Plugin NullSourceCodeAccess, From C:/Program Files (x86)/Epic Games/4.14/Engine/Plugins/Developer/NullSourceCodeAccess/NullSourceCodeAccess.uplugin
LogPluginManager: Loaded Plugin OneSkyLocalizationService, From C:/Program Files (x86)/Epic Games/4.14/Engine/Plugins/Developer/OneSkyLocalizationService/OneSkyLocalizationService.uplugin
LogPluginManager: Loaded Plugin PerforceSourceControl, From C:/Program Files (x86)/Epic Games/4.14/Engine/Plugins/Developer/PerforceSourceControl/PerforceSourceControl.uplugin
LogPluginManager: Loaded Plugin SubversionSourceControl, From C:/Program Files (x86)/Epic Games/4.14/Engine/Plugins/Developer/SubversionSourceControl/SubversionSourceControl.uplugin
LogPluginManager: Loaded Plugin UObjectPlugin, From C:/Program Files (x86)/Epic Games/4.14/Engine/Plugins/Developer/UObjectPlugin/UObjectPlugin.uplugin
LogPluginManager: Loaded Plugin VisualStudioSourceCodeAccess, From C:/Program Files (x86)/Epic Games/4.14/Engine/Plugins/Developer/VisualStudioSourceCodeAccess/VisualStudioSourceCodeAccess.uplugin
LogPluginManager: Loaded Plugin XCodeSourceCodeAccess, From C:/Program Files (x86)/Epic Games/4.14/Engine/Plugins/Developer/XCodeSourceCodeAccess/XCodeSourceCodeAccess.uplugin
LogPluginManager: Loaded Plugin AudioCapture, From C:/Program Files (x86)/Epic Games/4.14/Engine/Plugins/Editor/AudioCapture/AudioCapture.uplugin
LogPluginManager: Loaded Plugin EpicSurvey, From C:/Program Files (x86)/Epic Games/4.14/Engine/Plugins/Editor/EpicSurvey/EpicSurvey.uplugin
LogPluginManager: Loaded Plugin MacGraphicsSwitching, From C:/Program Files (x86)/Epic Games/4.14/Engine/Plugins/Editor/MacGraphicsSwitching/MacGraphicsSwitching.uplugin
LogPluginManager: Loaded Plugin MobileLauncherProfileWizard, From C:/Program Files (x86)/Epic Games/4.14/Engine/Plugins/Editor/MobileLauncherProfileWizard/MobileLauncherProfileWizard.uplugin
LogPluginManager: Loaded Plugin PluginBrowser, From C:/Program Files (x86)/Epic Games/4.14/Engine/Plugins/Editor/PluginBrowser/PluginBrowser.uplugin
LogPluginManager: Loaded Plugin SpeedTreeImporter, From C:/Program Files (x86)/Epic Games/4.14/Engine/Plugins/Editor/SpeedTreeImporter/SpeedTreeImporter.uplugin
LogPluginManager: Loaded Plugin SuperSearchEditor, From C:/Program Files (x86)/Epic Games/4.14/Engine/Plugins/Editor/SuperSearchEditor/SuperSearchEditor.uplugin
LogPluginManager: Loaded Plugin AlembicImporter, From C:/Program Files (x86)/Epic Games/4.14/Engine/Plugins/Experimental/AlembicImporter/AlembicImporter.uplugin
LogPluginManager: Loaded Plugin BlueprintStats, From C:/Program Files (x86)/Epic Games/4.14/Engine/Plugins/Experimental/BlueprintStats/BlueprintStats.uplugin
LogPluginManager: Loaded Plugin CharacterAI, From C:/Program Files (x86)/Epic Games/4.14/Engine/Plugins/Experimental/CharacterAI/CharacterAI.uplugin
LogPluginManager: Loaded Plugin CodeEditor, From C:/Program Files (x86)/Epic Games/4.14/Engine/Plugins/Experimental/CodeEditor/CodeEditor.uplugin
LogPluginManager: Loaded Plugin CodeView, From C:/Program Files (x86)/Epic Games/4.14/Engine/Plugins/Experimental/CodeView/CodeView.uplugin
LogPluginManager: Loaded Plugin HTML5Networking, From C:/Program Files (x86)/Epic Games/4.14/Engine/Plugins/Experimental/HTML5Networking/HTML5Networking.uplugin
LogPluginManager: Loaded Plugin OSVR, From C:/Program Files (x86)/Epic Games/4.14/Engine/Plugins/Experimental/OSVR/OSVR.uplugin
LogPluginManager: Loaded Plugin Phya, From C:/Program Files (x86)/Epic Games/4.14/Engine/Plugins/Experimental/Phya/Phya.uplugin
LogPluginManager: Loaded Plugin SignificanceManager, From C:/Program Files (x86)/Epic Games/4.14/Engine/Plugins/Experimental/SignificanceManager/SignificanceManager.uplugin
LogPluginManager: Loaded Plugin SimpleHMD, From C:/Program Files (x86)/Epic Games/4.14/Engine/Plugins/Experimental/SimpleHMD/SimpleHMD.uplugin
LogPluginManager: Loaded Plugin StereoPanorama, From C:/Program Files (x86)/Epic Games/4.14/Engine/Plugins/Experimental/StereoPanorama/StereoPanorama.uplugin
LogPluginManager: Loaded Plugin StructBox, From C:/Program Files (x86)/Epic Games/4.14/Engine/Plugins/Experimental/StructBox/StructBox.uplugin
LogPluginManager: Loaded Plugin AndroidMedia, From C:/Program Files (x86)/Epic Games/4.14/Engine/Plugins/Media/AndroidMedia/AndroidMedia.uplugin
LogPluginManager: Loaded Plugin AvfMedia, From C:/Program Files (x86)/Epic Games/4.14/Engine/Plugins/Media/AvfMedia/AvfMedia.uplugin
LogPluginManager: Loaded Plugin MediaPlayerEditor, From C:/Program Files (x86)/Epic Games/4.14/Engine/Plugins/Media/MediaPlayerEditor/MediaPlayerEditor.uplugin
LogPluginManager: Loaded Plugin WmfMedia, From C:/Program Files (x86)/Epic Games/4.14/Engine/Plugins/Media/WmfMedia/WmfMedia.uplugin
LogPluginManager: Loaded Plugin MessagingDebugger, From C:/Program Files (x86)/Epic Games/4.14/Engine/Plugins/Messaging/MessagingDebugger/MessagingDebugger.uplugin
LogPluginManager: Loaded Plugin TcpMessaging, From C:/Program Files (x86)/Epic Games/4.14/Engine/Plugins/Messaging/TcpMessaging/TcpMessaging.uplugin
LogPluginManager: Loaded Plugin UdpMessaging, From C:/Program Files (x86)/Epic Games/4.14/Engine/Plugins/Messaging/UdpMessaging/UdpMessaging.uplugin
LogPluginManager: Loaded Plugin LevelSequenceEditor, From C:/Program Files (x86)/Epic Games/4.14/Engine/Plugins/MovieScene/LevelSequenceEditor/LevelSequenceEditor.uplugin
LogPluginManager: Loaded Plugin MatineeToLevelSequence, From C:/Program Files (x86)/Epic Games/4.14/Engine/Plugins/MovieScene/MatineeToLevelSequence/MatineeToLevelSequence.uplugin
LogPluginManager: Loaded Plugin NetcodeUnitTest, From C:/Program Files (x86)/Epic Games/4.14/Engine/Plugins/NetcodeUnitTest/NetcodeUnitTest/NetcodeUnitTest.uplugin
LogPluginManager: Loaded Plugin NUTUnrealEngine4, From C:/Program Files (x86)/Epic Games/4.14/Engine/Plugins/NetcodeUnitTest/NUTUnrealEngine4/NUTUnrealEngine4.uplugin
LogPluginManager: Loaded Plugin OnlineSubsystemGameCircle, From C:/Program Files (x86)/Epic Games/4.14/Engine/Plugins/Online/Android/OnlineSubsystemGameCircle/OnlineSubsystemGameCircle.uplugin
LogPluginManager: Loaded Plugin OnlineSubsystemGooglePlay, From C:/Program Files (x86)/Epic Games/4.14/Engine/Plugins/Online/Android/OnlineSubsystemGooglePlay/OnlineSubsystemGooglePlay.uplugin
LogPluginManager: Loaded Plugin OnlineSubsystemIOS, From C:/Program Files (x86)/Epic Games/4.14/Engine/Plugins/Online/IOS/OnlineSubsystemIOS/OnlineSubsystemIOS.uplugin
LogPluginManager: Loaded Plugin OnlineFramework, From C:/Program Files (x86)/Epic Games/4.14/Engine/Plugins/Online/OnlineFramework/OnlineFramework.uplugin
LogPluginManager: Loaded Plugin OnlineSubsystem, From C:/Program Files (x86)/Epic Games/4.14/Engine/Plugins/Online/OnlineSubsystem/OnlineSubsystem.uplugin
LogPluginManager: Loaded Plugin OnlineSubsystemAmazon, From C:/Program Files (x86)/Epic Games/4.14/Engine/Plugins/Online/OnlineSubsystemAmazon/OnlineSubsystemAmazon.uplugin
LogPluginManager: Loaded Plugin OnlineSubsystemFacebook, From C:/Program Files (x86)/Epic Games/4.14/Engine/Plugins/Online/OnlineSubsystemFacebook/OnlineSubsystemFacebook.uplugin
LogPluginManager: Loaded Plugin OnlineSubsystemNull, From C:/Program Files (x86)/Epic Games/4.14/Engine/Plugins/Online/OnlineSubsystemNull/OnlineSubsystemNull.uplugin
LogPluginManager: Loaded Plugin OnlineSubsystemOculus, From C:/Program Files (x86)/Epic Games/4.14/Engine/Plugins/Online/OnlineSubsystemOculus/OnlineSubsystemOculus.uplugin
LogPluginManager: Loaded Plugin OnlineSubsystemSteam, From C:/Program Files (x86)/Epic Games/4.14/Engine/Plugins/Online/OnlineSubsystemSteam/OnlineSubsystemSteam.uplugin
LogPluginManager: Loaded Plugin OnlineSubsystemUtils, From C:/Program Files (x86)/Epic Games/4.14/Engine/Plugins/Online/OnlineSubsystemUtils/OnlineSubsystemUtils.uplugin
LogPluginManager: Loaded Plugin IOSTapJoy, From C:/Program Files (x86)/Epic Games/4.14/Engine/Plugins/Runtime/Advertising/IOSTapJoy/IOSTapJoy.uplugin
LogPluginManager: Loaded Plugin AnalyticsBlueprintLibrary, From C:/Program Files (x86)/Epic Games/4.14/Engine/Plugins/Runtime/Analytics/AnalyticsBlueprintLibrary/AnalyticsBlueprintLibrary.uplugin
LogPluginManager: Loaded Plugin AnalyticsMulticast, From C:/Program Files (x86)/Epic Games/4.14/Engine/Plugins/Runtime/Analytics/AnalyticsMulticast/AnalyticsMulticast.uplugin
LogPluginManager: Loaded Plugin Apsalar, From C:/Program Files (x86)/Epic Games/4.14/Engine/Plugins/Runtime/Analytics/Apsalar/Apsalar.uplugin
LogPluginManager: Loaded Plugin FileLogging, From C:/Program Files (x86)/Epic Games/4.14/Engine/Plugins/Runtime/Analytics/FileLogging/FileLogging.uplugin
LogPluginManager: Loaded Plugin Flurry, From C:/Program Files (x86)/Epic Games/4.14/Engine/Plugins/Runtime/Analytics/Flurry/Flurry.uplugin
LogPluginManager: Loaded Plugin AndroidDeviceProfileSelector, From C:/Program Files (x86)/Epic Games/4.14/Engine/Plugins/Runtime/AndroidDeviceProfileSelector/AndroidDeviceProfileSelector.uplugin
LogPluginManager: Loaded Plugin AndroidMoviePlayer, From C:/Program Files (x86)/Epic Games/4.14/Engine/Plugins/Runtime/AndroidMoviePlayer/AndroidMoviePlayer.uplugin
LogPluginManager: Loaded Plugin AppleMoviePlayer, From C:/Program Files (x86)/Epic Games/4.14/Engine/Plugins/Runtime/AppleMoviePlayer/AppleMoviePlayer.uplugin
LogPluginManager: Loaded Plugin ArchVisCharacter, From C:/Program Files (x86)/Epic Games/4.14/Engine/Plugins/Runtime/ArchVisCharacter/ArchVisCharacter.uplugin
LogPluginManager: Loaded Plugin CableComponent, From C:/Program Files (x86)/Epic Games/4.14/Engine/Plugins/Runtime/CableComponent/CableComponent.uplugin
LogPluginManager: Loaded Plugin CustomMeshComponent, From C:/Program Files (x86)/Epic Games/4.14/Engine/Plugins/Runtime/CustomMeshComponent/CustomMeshComponent.uplugin
LogPluginManager: Loaded Plugin ExampleDeviceProfileSelector, From C:/Program Files (x86)/Epic Games/4.14/Engine/Plugins/Runtime/ExampleDeviceProfileSelector/ExampleDeviceProfileSelector.uplugin
LogPluginManager: Loaded Plugin GearVR, From C:/Program Files (x86)/Epic Games/4.14/Engine/Plugins/Runtime/GearVR/GearVR.uplugin
LogPluginManager: Loaded Plugin GoogleVRController, From C:/Program Files (x86)/Epic Games/4.14/Engine/Plugins/Runtime/GoogleVR/GoogleVRController/GoogleVRController.uplugin
LogPluginManager: Loaded Plugin GoogleVRHMD, From C:/Program Files (x86)/Epic Games/4.14/Engine/Plugins/Runtime/GoogleVR/GoogleVRHMD/GoogleVRHMD.uplugin
LogPluginManager: Loaded Plugin IOSDeviceProfileSelector, From C:/Program Files (x86)/Epic Games/4.14/Engine/Plugins/Runtime/IOSDeviceProfileSelector/IOSDeviceProfileSelector.uplugin
LogPluginManager: Loaded Plugin LeapMotion, From C:/Program Files (x86)/Epic Games/4.14/Engine/Plugins/Runtime/LeapMotion/LeapMotion.uplugin
LogPluginManager: Loaded Plugin LinuxDeviceProfileSelector, From C:/Program Files (x86)/Epic Games/4.14/Engine/Plugins/Runtime/LinuxDeviceProfileSelector/LinuxDeviceProfileSelector.uplugin
LogPluginManager: Loaded Plugin MIDIDevice, From C:/Program Files (x86)/Epic Games/4.14/Engine/Plugins/Runtime/MIDIDevice/MIDIDevice.uplugin
LogPluginManager: Loaded Plugin MobilePatchingUtils, From C:/Program Files (x86)/Epic Games/4.14/Engine/Plugins/Runtime/MobilePatchingUtils/MobilePatchingUtils.uplugin
LogPluginManager: Loaded Plugin Ansel, From C:/Program Files (x86)/Epic Games/4.14/Engine/Plugins/Runtime/Nvidia/Ansel/Ansel.uplugin
LogPluginManager: Loaded Plugin OculusAudio, From C:/Program Files (x86)/Epic Games/4.14/Engine/Plugins/Runtime/OculusAudio/OculusAudio.uplugin
LogPluginManager: Loaded Plugin OculusInput, From C:/Program Files (x86)/Epic Games/4.14/Engine/Plugins/Runtime/OculusInput/OculusInput.uplugin
LogPluginManager: Loaded Plugin OculusLibrary, From C:/Program Files (x86)/Epic Games/4.14/Engine/Plugins/Runtime/OculusLibrary/OculusLibrary.uplugin
LogPluginManager: Loaded Plugin OculusRift, From C:/Program Files (x86)/Epic Games/4.14/Engine/Plugins/Runtime/OculusRift/OculusRift.uplugin
LogPluginManager: Loaded Plugin Oodle, From C:/Program Files (x86)/Epic Games/4.14/Engine/Plugins/Runtime/PacketHandlers/CompressionComponents/Oodle/Oodle.uplugin
LogPluginManager: Loaded Plugin ProceduralMeshComponent, From C:/Program Files (x86)/Epic Games/4.14/Engine/Plugins/Runtime/ProceduralMeshComponent/ProceduralMeshComponent.uplugin
LogPluginManager: Loaded Plugin SoundMod, From C:/Program Files (x86)/Epic Games/4.14/Engine/Plugins/Runtime/SoundMod/SoundMod.uplugin
LogPluginManager: Loaded Plugin SoundVisualizations, From C:/Program Files (x86)/Epic Games/4.14/Engine/Plugins/Runtime/SoundVisualizations/SoundVisualizations.uplugin
LogPluginManager: Loaded Plugin SteamController, From C:/Program Files (x86)/Epic Games/4.14/Engine/Plugins/Runtime/Steam/SteamController/SteamController.uplugin
LogPluginManager: Loaded Plugin SteamVR, From C:/Program Files (x86)/Epic Games/4.14/Engine/Plugins/Runtime/Steam/SteamVR/SteamVR.uplugin
LogPluginManager: Loaded Plugin WebBrowserWidget, From C:/Program Files (x86)/Epic Games/4.14/Engine/Plugins/Runtime/WebBrowserWidget/WebBrowserWidget.uplugin
LogPluginManager: Loaded Plugin WindowsDeviceProfileSelector, From C:/Program Files (x86)/Epic Games/4.14/Engine/Plugins/Runtime/WindowsDeviceProfileSelector/WindowsDeviceProfileSelector.uplugin
LogPluginManager: Loaded Plugin WindowsMoviePlayer, From C:/Program Files (x86)/Epic Games/4.14/Engine/Plugins/Runtime/WindowsMoviePlayer/WindowsMoviePlayer.uplugin
LogPluginManager: Loaded Plugin ScriptPlugin, From C:/Program Files (x86)/Epic Games/4.14/Engine/Plugins/ScriptPlugin/ScriptPlugin.uplugin
LogPluginManager: Loaded Plugin SlateRemote, From C:/Program Files (x86)/Epic Games/4.14/Engine/Plugins/Slate/SlateRemote/SlateRemote.uplugin
LogPluginManager: Loaded Plugin EditorTests, From C:/Program Files (x86)/Epic Games/4.14/Engine/Plugins/Tests/EditorTests/EditorTests.uplugin
LogPluginManager: Loaded Plugin FbxAutomationTestBuilder, From C:/Program Files (x86)/Epic Games/4.14/Engine/Plugins/Tests/FbxAutomationTestBuilder/FbxAutomationTestBuilder.uplugin
LogPluginManager: Loaded Plugin FunctionalTestingEditor, From C:/Program Files (x86)/Epic Games/4.14/Engine/Plugins/Tests/FunctionalTestingEditor/FunctionalTestingEditor.uplugin
LogPluginManager: Loaded Plugin RuntimeTests, From C:/Program Files (x86)/Epic Games/4.14/Engine/Plugins/Tests/RuntimeTests/RuntimeTests.uplugin
LogPluginManager: Loaded Plugin ScreenshotTools, From C:/Program Files (x86)/Epic Games/4.14/Engine/Plugins/Tests/ScreenshotTools/ScreenshotTools.uplugin
LogInit: Using libcurl 7.47.1
LogInit:  - built for x86_64-pc-win32
LogInit:  - supports SSL with OpenSSL/1.0.2g
LogInit:  - supports HTTP deflate (compression) using libz 1.2.8
LogInit:  - other features:
LogInit:      CURL_VERSION_SSL
LogInit:      CURL_VERSION_LIBZ
LogInit:      CURL_VERSION_IPV6
LogInit:      CURL_VERSION_ASYNCHDNS
LogInit:      CURL_VERSION_LARGEFILE
LogInit:      CURL_VERSION_IDN
LogInit:  CurlRequestOptions (configurable via config and command line):
LogInit:  - bVerifyPeer = false  - Libcurl will NOT verify peer certificate
LogInit:  - bUseHttpProxy = false  - Libcurl will NOT use HTTP proxy
LogInit:  - bDontReuseConnections = false  - Libcurl will reuse connections
LogInit:  - CertBundlePath = nullptr  - Libcurl will use whatever was configured at build time.
LogModuleManager:Warning: No filename provided for module OnlineSubsystemLAN
LogModuleManager:Warning: ModuleManager: Unable to load module 'OnlineSubsystemLAN' because the file 'C:/Program Files (x86)/Epic Games/4.14/Engine/Binaries/Win64/' was not found.
LogInit: WinSock: version 1.1 (2.2), MaxSocks=32767, MaxUdp=65467
LogInit: Build: ++UE4+Release-4.14-CL-3249277
LogInit: Engine Version: 4.14.3-3249277+++UE4+Release-4.14
LogInit: Compatible Engine Version: 4.14.0-3195953+++UE4+Release-4.14
LogInit: Net CL: 3195953
LogDevObjectVersion: Number of dev versions registered: 13
LogDevObjectVersion:   Dev-Blueprints (B0D832E4-1F89-4F0D-ACCF-7EB736FD4AA2): 7
LogDevObjectVersion:   Dev-Build (E1C64328-A22C-4D53-A36C-8E866417BD8C): 0
LogDevObjectVersion:   Dev-Core (375EC13C-06E4-48FB-B500-84F0262A717E): 1
LogDevObjectVersion:   Dev-Editor (E4B068ED-F494-42E9-A231-DA0B2E46BB41): 8
LogDevObjectVersion:   Dev-Framework (CFFC743F-43B0-4480-9391-14DF171D2073): 17
LogDevObjectVersion:   Dev-Mobile (B02B49B5-BB20-44E9-A304-32B752E40360): 0
LogDevObjectVersion:   Dev-Networking (A4E4105C-59A1-49B5-A7C5-40C4547EDFEE): 0
LogDevObjectVersion:   Dev-Online (39C831C9-5AE6-47DC-9A44-9C173E1C8E7C): 0
LogDevObjectVersion:   Dev-Physics (78F01B33-EBEA-4F98-B9B4-84EACCB95AA2): 0
LogDevObjectVersion:   Dev-Platform (6631380F-2D4D-43E0-8009-CF276956A95A): 0
LogDevObjectVersion:   Dev-Rendering (12F88B9F-8875-4AFC-A67C-D90C383ABD29): 12
LogDevObjectVersion:   Dev-Sequencer (7B5AE74C-D270-4C10-A958-57980B212A5A): 1
LogDevObjectVersion:   Dev-VR (D7296918-1DD6-4BDD-9DE2-64A83CC13884): 0
LogInit: Compiled (64-bit): Jan  6 2017 10:49:43
LogInit: Compiled with Visual C++: 19.00.23026.00
LogInit: Build Configuration: Development
LogInit: Branch Name: ++UE4+Release-4.14
LogInit: Command line:  
LogInit: Base directory: C:/Program Files (x86)/Epic Games/4.14/Engine/Binaries/Win64/
LogInit: Installed Engine Build: 1
LogInit: Presizing for max 8388607 objects, including 0 objects not considered by GC, pre-allocating 0 bytes for permanent pool.
LogInit: Object subsystem initialized
[2017.01.24-17.32.40:315][  0]LogInit: Selected Device Profile: [Windows]
[2017.01.24-17.32.40:315][  0]LogInit: Applying CVar settings loaded from the selected device profile: [Windows]
[2017.01.24-17.32.40:330][  0]LogInit: Computer: DIM-P46420H
[2017.01.24-17.32.40:330][  0]LogInit: User: lgarreau
[2017.01.24-17.32.40:330][  0]LogInit: CPU Page size=65536, Cores=6
[2017.01.24-17.32.40:330][  0]LogInit: High frequency timer resolution =3.410074 MHz
[2017.01.24-17.32.40:331][  0]LogMemory: Memory total: Physical=31.9GB (32GB approx)
[2017.01.24-17.32.40:331][  0]LogMemory: Platform Memory Stats for Windows
[2017.01.24-17.32.40:331][  0]LogMemory: Process Physical Memory: 264.80 MB used, 264.80 MB peak
[2017.01.24-17.32.40:331][  0]LogMemory: Process Virtual Memory: 260.75 MB used, 260.75 MB peak
[2017.01.24-17.32.40:331][  0]LogMemory: Physical Memory: 6200.72 MB used,  26474.57 MB free, 32675.29 MB total
[2017.01.24-17.32.40:331][  0]LogMemory: Virtual Memory: 678.64 MB used,  26474.57 MB free, 134217728.00 MB total
[2017.01.24-17.32.40:360][  0]LogTextLocalizationManager: No translations for ('fr-FR') exist, falling back to 'en' for localization and internationalization data.
[2017.01.24-17.32.41:020][  0]LogD3D11RHI: D3D11 adapters:
[2017.01.24-17.32.41:067][  0]LogD3D11RHI:    0. 'NVIDIA Quadro K4200' (Feature Level 11_0)
[2017.01.24-17.32.41:067][  0]LogD3D11RHI:       4062/0/16337 MB DedicatedVideo/DedicatedSystem/SharedSystem, Outputs:2, VendorId:0x10de
[2017.01.24-17.32.41:071][  0]LogD3D11RHI:    1. 'Microsoft Basic Render Driver' (Feature Level 11_0)
[2017.01.24-17.32.41:071][  0]LogD3D11RHI:       0/0/16337 MB DedicatedVideo/DedicatedSystem/SharedSystem, Outputs:0, VendorId:0x1414
[2017.01.24-17.32.41:071][  0]LogD3D11RHI: Chosen D3D11 Adapter: 0
[2017.01.24-17.32.41:079][  0]LogD3D11RHI: Creating new Direct3DDevice
[2017.01.24-17.32.41:079][  0]LogD3D11RHI:     GPU DeviceId: 0x11b4 (for the marketing name, search the web for "GPU Device Id")
[2017.01.24-17.32.41:079][  0]LogWindows: EnumDisplayDevices:
[2017.01.24-17.32.41:079][  0]LogWindows:    0. 'NVIDIA Quadro K4200' (P:1 D:1)
[2017.01.24-17.32.41:080][  0]LogWindows:    1. 'NVIDIA Quadro K4200' (P:0 D:1)
[2017.01.24-17.32.41:080][  0]LogWindows:    2. 'NVIDIA Quadro K4200' (P:0 D:0)
[2017.01.24-17.32.41:080][  0]LogWindows:    3. 'NVIDIA Quadro K4200' (P:0 D:0)
[2017.01.24-17.32.41:080][  0]LogWindows:    4. 'DameWare Development Mirror Driver 64-bit' (P:0 D:0)
[2017.01.24-17.32.41:080][  0]LogWindows: DebugString: GetVideoDriverDetailsInvalid PrimaryIsNotTheChoosenAdapter FoundDriverCount:4 
[2017.01.24-17.32.41:080][  0]LogD3D11RHI:     Adapter Name: NVIDIA Quadro K4200
[2017.01.24-17.32.41:080][  0]LogD3D11RHI:   Driver Version: 369.09 (internal:21.21.13.6909, unified:369.09)
[2017.01.24-17.32.41:080][  0]LogD3D11RHI:      Driver Date: 8-1-2016
[2017.01.24-17.32.41:080][  0]LogRHI: Texture pool is 1361 MB (70% of 1945 MB)
[2017.01.24-17.32.41:100][  0]LogD3D11RHI:Warning: Timestamp queries are currently disabled on this hardware due to instability. Realtime GPU stats will not be available. You can override this behaviour by setting r.NVIDIATimestampWorkaround to 0
[2017.01.24-17.32.41:100][  0]LogD3D11RHI: Async texture creation enabled
[2017.01.24-17.32.41:113][  0]LogD3D11RHI: GPU Timing Frequency: 1000.000000 (Debug: 2 1)
[2017.01.24-17.32.41:114][  0]LogShaderCompilers: Guid format shader working directory is -30 characters bigger than the processId version (../../../../../../Users/lgarreau/Documents/Flying-Beavers/FlyingBeavers_source/Intermediate/Shaders/WorkingDirectory/17452/).
[2017.01.24-17.32.41:114][  0]LogShaderCompilers: Cleaned the shader compiler working directory 'C:/Users/lgarreau/AppData/Local/Temp/UnrealShaderWorkingDir/0B019E0442EB9DF3AE623BB4A4A2B3A6/'.
[2017.01.24-17.32.41:114][  0]LogShaderCompilers:Display: Using Local Shader Compiler.
[2017.01.24-17.32.42:478][  0]LogTemp:Display: Loaded TP AllDesktopTargetPlatform
[2017.01.24-17.32.42:544][  0]LogTemp:Display: Loaded TP MacClientTargetPlatform
[2017.01.24-17.32.42:612][  0]LogTemp:Display: Loaded TP MacNoEditorTargetPlatform
[2017.01.24-17.32.42:677][  0]LogTemp:Display: Loaded TP MacServerTargetPlatform
[2017.01.24-17.32.42:742][  0]LogTemp:Display: Loaded TP MacTargetPlatform
[2017.01.24-17.32.42:806][  0]LogTemp:Display: Loaded TP WindowsClientTargetPlatform
[2017.01.24-17.32.42:871][  0]LogTemp:Display: Loaded TP WindowsNoEditorTargetPlatform
[2017.01.24-17.32.42:939][  0]LogTemp:Display: Loaded TP WindowsServerTargetPlatform
[2017.01.24-17.32.42:994][  0]LogTemp:Display: Loaded TP WindowsTargetPlatform
[2017.01.24-17.32.43:056][  0]LogTemp:Display: Loaded TP AndroidTargetPlatform
[2017.01.24-17.32.43:117][  0]LogTemp:Display: Loaded TP Android_ASTCTargetPlatform
[2017.01.24-17.32.43:204][  0]LogTemp:Display: Loaded TP Android_ATCTargetPlatform
[2017.01.24-17.32.43:268][  0]LogTemp:Display: Loaded TP Android_DXTTargetPlatform
[2017.01.24-17.32.43:327][  0]LogTemp:Display: Loaded TP Android_ETC1TargetPlatform
[2017.01.24-17.32.43:385][  0]LogTemp:Display: Loaded TP Android_ETC2TargetPlatform
[2017.01.24-17.32.43:499][  0]LogTemp:Display: Loaded TP Android_MultiTargetPlatform
[2017.01.24-17.32.43:499][  0]LogTemp:Display: Loaded TP Android_PVRTCTargetPlatform
[2017.01.24-17.32.43:541][  0]LogTemp:Display: Loaded TP HTML5TargetPlatform
[2017.01.24-17.32.43:633][  0]LogTemp:Display: Loaded TP IOSTargetPlatform
[2017.01.24-17.32.43:694][  0]LogTemp:Display: Loaded TP TVOSTargetPlatform
[2017.01.24-17.32.43:752][  0]LogTemp:Display: Loaded TP LinuxClientTargetPlatform
[2017.01.24-17.32.43:810][  0]LogTemp:Display: Loaded TP LinuxNoEditorTargetPlatform
[2017.01.24-17.32.43:870][  0]LogTemp:Display: Loaded TP LinuxServerTargetPlatform
[2017.01.24-17.32.43:928][  0]LogTemp:Display: Loaded TP LinuxTargetPlatform
[2017.01.24-17.32.43:928][  0]LogTargetPlatformManager:Display: Building Assets For Windows
[2017.01.24-17.32.44:547][  0]LogDerivedDataCache:Display: Max Cache Size: 512 MB
[2017.01.24-17.32.44:605][  0]LogDerivedDataCache: Loaded boot cache 0.06s 51MB C:/Users/lgarreau/AppData/Local/UnrealEngine/4.14/DerivedDataCache/Boot.ddc.
[2017.01.24-17.32.44:605][  0]LogDerivedDataCache:Display: Loaded Boot cache: C:/Users/lgarreau/AppData/Local/UnrealEngine/4.14/DerivedDataCache/Boot.ddc
[2017.01.24-17.32.44:605][  0]LogDerivedDataCache: FDerivedDataBackendGraph:  Pak pak cache file ../../../../../../Users/lgarreau/Documents/Flying-Beavers/FlyingBeavers_source/DerivedDataCache/DDC.ddp not found, will not use a pak cache.
[2017.01.24-17.32.44:605][  0]LogDerivedDataCache: Unable to find inner node Pak for hierarchical cache Hierarchy.
[2017.01.24-17.32.44:605][  0]LogDerivedDataCache: FDerivedDataBackendGraph:  CompressedPak pak cache file ../../../../../../Users/lgarreau/Documents/Flying-Beavers/FlyingBeavers_source/DerivedDataCache/Compressed.ddp not found, will not use a pak cache.
[2017.01.24-17.32.44:605][  0]LogDerivedDataCache: Unable to find inner node CompressedPak for hierarchical cache Hierarchy.
[2017.01.24-17.32.44:621][  0]LogDerivedDataCache:Display: Pak cache opened for reading ../../../Engine/DerivedDataCache/Compressed.ddp.
[2017.01.24-17.32.44:634][  0]LogDerivedDataCache: Using Local data cache path C:/Users/lgarreau/AppData/Local/UnrealEngine/Common/DerivedDataCache: Writable
[2017.01.24-17.32.44:836][  0]LogInit: Selected Device Profile: [Windows]
[2017.01.24-17.32.44:841][  0]LogContentStreaming: Texture pool size is 0.00 MB
[2017.01.24-17.32.45:113][  0]LogMeshUtilities: Using QuadricMeshReduction for automatic static mesh reduction
[2017.01.24-17.32.45:161][  0]LogSimplygon: Simplygon DLL not present - disabling.
[2017.01.24-17.32.45:217][  0]LogMeshUtilities: Using SimplygonSwarm for distributed automatic mesh merging
[2017.01.24-17.32.45:217][  0]LogMeshUtilities: No automatic skeletal mesh reduction module available
[2017.01.24-17.32.45:217][  0]LogMeshUtilities: No automatic mesh merging module available
[2017.01.24-17.32.45:945][  0]LogNetVersion: GetLocalNetworkVersion: CL: 3195953, ProjectName: flyingbeavers_source, ProjectVersion: , EngineNetworkVersion: 2, GameNetworkVersion: 0, NetworkChecksum: 1979914378
[2017.01.24-17.32.46:010][  0]LogAssetRegistry: FAssetRegistry took 0.0216 seconds to start up
[2017.01.24-17.32.46:070][  0]LogPackageLocalizationCache: Processed 3 localized package path(s) for 1 prioritized culture(s) in 0.022313 seconds
[2017.01.24-17.32.46:075][  0]LogUObjectArray: 31946 objects as part of root set at end of initial load.
[2017.01.24-17.32.46:075][  0]LogUObjectAllocator: 6935848 out of 0 bytes used by permanent object pool.
[2017.01.24-17.32.46:075][  0]LogUObjectArray: CloseDisregardForGC: 0/0 objects in disregard for GC pool
[2017.01.24-17.32.47:188][  0]LogSlate: Using Freetype 2.6.0
[2017.01.24-17.32.47:188][  0]LogSlate: SlateFontCache - WITH_FREETYPE: 1, WITH_HARFBUZZ: 1
[2017.01.24-17.32.47:189][  0]LogSlate: SlateFontCache - WITH_FREETYPE: 1, WITH_HARFBUZZ: 1
[2017.01.24-17.32.48:434][  0]LogTcpMessaging: Initializing TcpMessaging bridge
[2017.01.24-17.32.48:483][  0]LogUdpMessaging: Initializing bridge on interface 0.0.0.0:0 to multicast group 230.0.0.1:6666.
[2017.01.24-17.32.49:074][  0]LogMaterial: Uniform references updated for custom material expression Custom.
[2017.01.24-17.32.49:646][  0]SourceControl: Info Source control is disabled
[2017.01.24-17.32.49:711][  0]SourceControl: Info Source control is disabled
[2017.01.24-17.32.49:815][  0]SourceControl: Info Source control is disabled
[2017.01.24-17.32.49:924][  0]SourceControl: Info Source control is disabled
[2017.01.24-17.32.51:839][  0]LogEngine: Initializing Engine...
[2017.01.24-17.32.51:839][  0]LogHMD: Failed to initialize OpenVR with code 110
[2017.01.24-17.32.52:188][  0]LogAIModule: Creating AISystem for world Untitled
[2017.01.24-17.32.52:201][  0]LogInit: XAudio2 using 'Haut-parleurs (Realtek High Definition Audio)' : 2 channels at 48 kHz using 32 bits per sample (channel mask 0x3)
[2017.01.24-17.32.52:234][  0]LogInit: FAudioDevice initialized.
[2017.01.24-17.32.52:265][  0]LogDerivedDataCache: Saved boot cache 0.03s 51MB C:/Users/lgarreau/AppData/Local/UnrealEngine/4.14/DerivedDataCache/Boot.ddc.
[2017.01.24-17.32.52:273][  0]LogInit: Texture streaming: Enabled
[2017.01.24-17.32.52:518][  0]LogInit: Transaction tracking system initialized
[2017.01.24-17.32.52:997][  0]BlueprintLog: New page: Editor Load
[2017.01.24-17.32.54:278][  0]LocalizationService: Info Localization service is disabled
[2017.01.24-17.32.55:237][  0]LogConsoleResponse:Display: 
[2017.01.24-17.32.55:391][  0]LogCook:Display: Max memory allowance for cook 16384mb min free memory 0mb
[2017.01.24-17.32.55:391][  0]LogCook:Display: Mobile HDR setting 1
[2017.01.24-17.32.56:312][  0]LogFileCache: Scanning file cache for directory 'C:/Users/lgarreau/Documents/Flying-Beavers/FlyingBeavers_source/Content/' took 0.01s
[2017.01.24-17.32.56:706][  0]SourceControl: Info Source control is disabled
[2017.01.24-17.32.56:706][  0]Cmd: MAP LOAD FILE="../../../../../../Users/lgarreau/Documents/Flying-Beavers/FlyingBeavers_source/Content/ThirdPersonCPP/Maps/MainMenuLevel.umap" TEMPLATE=0 SHOWPROGRESS=1 FEATURELEVEL=3
[2017.01.24-17.32.56:707][  0]LightingResults: New page: Lighting Build
[2017.01.24-17.32.56:758][  0]MapCheck: New page: Map Check
[2017.01.24-17.32.56:758][  0]LightingResults: New page: Lighting Build
[2017.01.24-17.32.56:941][  0]LogAIModule: Creating AISystem for world MainMenuLevel
[2017.01.24-17.32.56:941][  0]LogEditorServer: Finished looking for orphan Actors (0.000 secs)
[2017.01.24-17.32.56:942][  0]Cmd: MAP CHECKDEP NOCLEARLOG
[2017.01.24-17.32.57:034][  0]MapCheck: Info Map check complete: 0 Error(s), 0 Warning(s), took 92.477ms to complete.
[2017.01.24-17.32.57:034][  0]LogFileHelpers: Loading map 'MainMenuLevel' took 0.329
[2017.01.24-17.32.57:119][  0]LogWindowsTextInputMethodSystem:Display: IME system now deactivated.
[2017.01.24-17.32.57:232][  0]LogCollectionManager: Loaded 0 collections in 0.002882 seconds
[2017.01.24-17.32.57:324][  0]LogFileCache: Scanning file cache for directory 'C:/Users/lgarreau/Documents/Flying-Beavers/FlyingBeavers_source/Saved/Collections/' took 0.01s
[2017.01.24-17.32.57:324][  0]LogFileCache: Scanning file cache for directory 'C:/Users/lgarreau/Documents/Flying-Beavers/FlyingBeavers_source/Content/Developers/lgarreau/Collections/' took 0.01s
[2017.01.24-17.32.57:324][  0]LogFileCache: Scanning file cache for directory 'C:/Users/lgarreau/Documents/Flying-Beavers/FlyingBeavers_source/Content/Collections/' took 0.01s
[2017.01.24-17.32.57:324][  0]LogCollectionManager: Rebuilt the GUID cache for 0 collections in 0.000001 seconds
[2017.01.24-17.32.57:333][  0]LogContentBrowser: Native class hierarchy populated in 0.0096 seconds. Added 2192 classes and 430 folders.
[2017.01.24-17.32.57:385][  0]LogStats: UGameplayTagsManager::ConstructGameplayTagTree: Construct from data asset -  0.000 s
[2017.01.24-17.32.57:385][  0]LogStats: UGameplayTagsManager::ConstructGameplayTagTree: GameplayTagTreeChangedEvent.Broadcast -  0.000 s
[2017.01.24-17.32.57:387][  0]LogContentBrowser: Native class hierarchy updated for 'GameplayTags' in 0.0018 seconds. Added 13 classes and 0 folders.
[2017.01.24-17.32.57:481][  0]LogContentBrowser: Native class hierarchy updated for 'WidgetCarousel' in 0.0023 seconds. Added 0 classes and 0 folders.
[2017.01.24-17.32.57:552][  0]LogContentBrowser: Native class hierarchy updated for 'AddContentDialog' in 0.0025 seconds. Added 0 classes and 0 folders.
[2017.01.24-17.32.57:612][  0]LogContentBrowser: Native class hierarchy updated for 'SceneOutliner' in 0.0019 seconds. Added 1 classes and 2 folders.
[2017.01.24-17.32.57:690][  0]LogCrashTracker: Crashtracker disabled due to settings.
[2017.01.24-17.32.57:697][  0]LogUObjectGlobals:Warning: Failed to find object 'Class None.'
[2017.01.24-17.32.57:800][  0]LogContentBrowser: Native class hierarchy updated for 'HierarchicalLODOutliner' in 0.0023 seconds. Added 1 classes and 2 folders.
[2017.01.24-17.32.57:801][  0]LogLoad: (Engine Initialization) Total time: 19.92 seconds
[2017.01.24-17.32.57:801][  0]LogLoad: (Engine Initialization) Total Blueprint compile time: 0.17 seconds
[2017.01.24-17.32.57:801][  0]LogExternalProfiler: Found external profiler: VSPerf
[2017.01.24-17.32.57:801][  0]LogExternalProfiler: Using external profiler: VSPerf
[2017.01.24-17.32.57:811][  0]LogOcInput: OculusInput pre-init called
[2017.01.24-17.32.57:833][  0]LogContentStreaming: Texture pool size now 1000 MB
[2017.01.24-17.32.58:005][  0]LogRenderer: Reallocating scene render targets to support 1208x576 NumSamples 1 (Frame:2).
[2017.01.24-17.32.58:117][  2]LogAssetRegistry: Asset discovery search completed in 12.1574 seconds
[2017.01.24-17.32.58:117][  2]LogCollectionManager: Rebuilt the object cache for 0 collections in 0.000001 seconds (found 0 objects)
[2017.01.24-17.32.58:117][  2]LogCollectionManager: Fixed up redirectors for 0 collections in 0.000022 seconds (updated 0 objects)
[2017.01.24-17.33.13:836][887]LogTemp: Repeting last play command: Selected Viewport
[2017.01.24-17.33.13:848][887]LogBlueprintUserMessages: Early PlayInEditor Detection: Level '/Game/ThirdPersonCPP/Maps/MainMenuLevel.MainMenuLevel:PersistentLevel' has LevelScriptBlueprint '/Game/ThirdPersonCPP/Maps/MainMenuLevel.MainMenuLevel:PersistentLevel.MainMenuLevel' with GeneratedClass '/Game/ThirdPersonCPP/Maps/MainMenuLevel.MainMenuLevel_C' with ClassGeneratedBy '/Game/ThirdPersonCPP/Maps/MainMenuLevel.MainMenuLevel:PersistentLevel.MainMenuLevel'
[2017.01.24-17.33.13:848][887]LogPlayLevel: PlayLevel: No blueprints needed recompiling
[2017.01.24-17.33.13:848][887]LogOnline:Display: NULL: FOnlineSubsystemNull::Shutdown()
[2017.01.24-17.33.13:848][887]LogModuleManager:Warning: No filename provided for module OnlineSubsystemLAN
[2017.01.24-17.33.13:848][887]LogModuleManager:Warning: ModuleManager: Unable to load module 'OnlineSubsystemLAN' because the file 'C:/Program Files (x86)/Epic Games/4.14/Engine/Binaries/Win64/' was not found.
[2017.01.24-17.33.13:863][887]PIE: New page: PIE session: MainMenuLevel (Jan 24, 2017, 7:33:13 AM)
[2017.01.24-17.33.13:864][887]LogPlayLevel: Creating play world package: /Game/ThirdPersonCPP/Maps/UEDPIE_1_MainMenuLevel
[2017.01.24-17.33.13:865][887]LogPlayLevel: PIE: StaticDuplicateObject took: (0.000908s)
[2017.01.24-17.33.13:865][887]LogAIModule: Creating AISystem for world MainMenuLevel
[2017.01.24-17.33.13:865][887]LogPlayLevel: PIE: World Init took: (0.000491s)
[2017.01.24-17.33.13:865][887]LogPlayLevel: PIE: Created PIE world by copying editor world from /Game/ThirdPersonCPP/Maps/MainMenuLevel.MainMenuLevel to /Game/ThirdPersonCPP/Maps/UEDPIE_1_MainMenuLevel.MainMenuLevel (0.001581s)
[2017.01.24-17.33.13:877][887]LogInit: XAudio2 using 'Haut-parleurs (Realtek High Definition Audio)' : 2 channels at 48 kHz using 32 bits per sample (channel mask 0x3)
[2017.01.24-17.33.13:884][887]LogInit: FAudioDevice initialized.
[2017.01.24-17.33.13:900][887]LogStats:Warning: MetaData mismatch. Did you assign a stat to two groups? New //STATGROUP_Threads//OnlineAsyncTaskThreadNull DefaultInstance///Thread_2094_0///####STATCAT_Advanced#### old //STATGROUP_Threads//OnlineAsyncTaskThreadNull DefaultInstance///Thread_2564_0///####STATCAT_Advanced####
[2017.01.24-17.33.13:931][887]LogLoad: Game class is 'MainMenuGameMode_C'
[2017.01.24-17.33.13:934][887]LogWorld: Bringing World /Game/ThirdPersonCPP/Maps/UEDPIE_1_MainMenuLevel.MainMenuLevel up for play (max tick rate 0) at 2017.01.24-12.33.13
[2017.01.24-17.33.13:934][887]LogWorld: Bringing up level for play took: 0.000608
[2017.01.24-17.33.13:947][887]LogSpawn:Warning: SpawnActor failed because no class was specified
[2017.01.24-17.33.14:042][887]LogContentBrowser: Native class hierarchy updated for 'MovieSceneCapture' in 0.0018 seconds. Added 11 classes and 0 folders.
[2017.01.24-17.33.14:043][887]LogInit: WinSock: Socket queue 131072 / 131072
[2017.01.24-17.33.14:044][887]LogInit: WinSock: I am DIM-P46420H (172.16.24.145:0)
[2017.01.24-17.33.14:044][887]PacketHandlerLog: Loaded PacketHandler component: Engine.EngineHandlerComponentFactory (StatelessConnectHandlerComponent)
[2017.01.24-17.33.14:044][887]LogNet: GameNetDriver IpNetDriver_0 IpNetDriver listening on port 7777
[2017.01.24-17.33.14:046][887]PIE: Info Play in editor start time for /Game/ThirdPersonCPP/Maps/UEDPIE_1_MainMenuLevel 0.352
[2017.01.24-17.33.14:050][887]PIE: New page: PIE session: MainMenuLevel (Jan 24, 2017, 7:33:14 AM)
[2017.01.24-17.33.14:105][887]LogNet: Browse: 127.0.0.1//Game/ThirdPersonCPP/Maps/MainMenuLevel
[2017.01.24-17.33.14:106][887]LogInit: WinSock: Socket queue 32768 / 32768
[2017.01.24-17.33.14:106][887]PacketHandlerLog: Loaded PacketHandler component: Engine.EngineHandlerComponentFactory (StatelessConnectHandlerComponent)
[2017.01.24-17.33.14:106][887]LogNet: Game client on port 7777, rate 10000
[2017.01.24-17.33.14:106][887]LogNetVersion: GetLocalNetworkVersion: CL: 3195953, ProjectName: flyingbeavers_source, ProjectVersion: 1.0.0.0, EngineNetworkVersion: 2, GameNetworkVersion: 0, NetworkChecksum: 605185526
[2017.01.24-17.33.14:106][887]LogNet: UPendingNetGame::InitNetDriver: Sending hello. [UNetConnection] RemoteAddr: 127.0.0.1:7777, Name: IpConnection_0, Driver: PendingNetDriver IpNetDriver_1, IsServer: NO, PC: NULL, Owner: NULL
[2017.01.24-17.33.14:111][887]PIE: Info Play in editor start time for /Game/ThirdPersonCPP/Maps/MainMenuLevel 0.417
[2017.01.24-17.33.14:120][887]LogBlueprintUserMessages: Late PlayInEditor Detection: Level '/Game/ThirdPersonCPP/Maps/MainMenuLevel.MainMenuLevel:PersistentLevel' has LevelScriptBlueprint '/Game/ThirdPersonCPP/Maps/MainMenuLevel.MainMenuLevel:PersistentLevel.MainMenuLevel' with GeneratedClass '/Game/ThirdPersonCPP/Maps/MainMenuLevel.MainMenuLevel_C' with ClassGeneratedBy '/Game/ThirdPersonCPP/Maps/MainMenuLevel.MainMenuLevel:PersistentLevel.MainMenuLevel'
[2017.01.24-17.33.14:120][887]LogHandshake: SendConnectChallenge. Timestamp: 0.008334, Cookie: 154129063071069073248146236156143047248059245045118005068244
[2017.01.24-17.33.14:153][887]LogHandshake: SendChallengeResponse. Timestamp: 0.008334, Cookie: 154129063071069073248146236156143047248059245045118005068244
[2017.01.24-17.33.14:199][888]LogNet: Server accepting post-challenge connection from: 127.0.0.1:62725
[2017.01.24-17.33.14:199][888]PacketHandlerLog: Loaded PacketHandler component: Engine.EngineHandlerComponentFactory (StatelessConnectHandlerComponent)
[2017.01.24-17.33.14:199][888]LogNet: NotifyAcceptedConnection: Name: MainMenuLevel, TimeStamp: 01/24/17 12:33:14, [UNetConnection] RemoteAddr: 127.0.0.1:62725, Name: IpConnection_1, Driver: GameNetDriver IpNetDriver_0, IsServer: YES, PC: NULL, Owner: NULL
[2017.01.24-17.33.14:199][888]LogNet: AddClientConnection: Added client connection: [UNetConnection] RemoteAddr: 127.0.0.1:62725, Name: IpConnection_1, Driver: GameNetDriver IpNetDriver_0, IsServer: YES, PC: NULL, Owner: NULL
[2017.01.24-17.33.14:229][890]LogNet: NotifyAcceptingChannel Control 0 server World /Game/ThirdPersonCPP/Maps/UEDPIE_1_MainMenuLevel.MainMenuLevel: Accepted
[2017.01.24-17.33.14:229][890]LogNet: Remote platform little endian=1
[2017.01.24-17.33.14:229][890]LogNet: This platform little endian=1
[2017.01.24-17.33.14:246][891]LogNet: Login request: /Game/ThirdPersonCPP/Maps/MainMenuLevel?Name=DIM-P46420H-FE9BAA814EEF9AF79B8260B354F2B141 userId: DIM-P46420H-FE9BAA814EEF9AF79B8260B354F2B141
[2017.01.24-17.33.14:247][891]LogNet: Welcomed by server (Level: /Game/ThirdPersonCPP/Maps/UEDPIE_1_MainMenuLevel, Game: /Game/ThirdPersonCPP/Blueprints/GameInfo/MainMenuGameMode.MainMenuGameMode_C)
[2017.01.24-17.33.14:247][891]LogLoad: LoadMap: 127.0.0.1//Game/ThirdPersonCPP/Maps/UEDPIE_1_MainMenuLevel?game=/Game/ThirdPersonCPP/Blueprints/GameInfo/MainMenuGameMode.MainMenuGameMode_C
[2017.01.24-17.33.14:255][891]Cmd: MEM
[2017.01.24-17.33.14:264][891]LogMemory: Platform Memory Stats for Windows
[2017.01.24-17.33.14:264][891]LogMemory: Process Physical Memory: 931.87 MB used, 976.52 MB peak
[2017.01.24-17.33.14:264][891]LogMemory: Process Virtual Memory: 1277.33 MB used, 1279.36 MB peak
[2017.01.24-17.33.14:264][891]LogMemory: Physical Memory: 7136.89 MB used,  25538.40 MB free, 32675.29 MB total
[2017.01.24-17.33.14:264][891]LogMemory: Virtual Memory: 2070.77 MB used,  25538.40 MB free, 134217728.00 MB total
[2017.01.24-17.33.14:264][891]LogMemory: 
[2017.01.24-17.33.14:264][891]Allocator Stats for TBB: (not implemented)
[2017.01.24-17.33.14:265][891]LogAIModule: Creating AISystem for world MainMenuLevel
[2017.01.24-17.33.14:267][891]LogWorld: Bringing World /Game/ThirdPersonCPP/Maps/UEDPIE_2_MainMenuLevel.MainMenuLevel up for play (max tick rate 0) at 2017.01.24-12.33.14
[2017.01.24-17.33.14:267][891]LogWorld: Bringing up level for play took: 0.000487
[2017.01.24-17.33.14:268][891]LogLoad: Took 0.020749 seconds to LoadMap(/Game/ThirdPersonCPP/Maps/UEDPIE_1_MainMenuLevel)
[2017.01.24-17.33.14:274][892]LogRenderer: Reallocating scene render targets to support 1280x720 NumSamples 1 (Frame:1886).
[2017.01.24-17.33.14:275][892]LogNet: Client netspeed is 10000
[2017.01.24-17.33.14:275][892]LogNet: Join request: /Game/ThirdPersonCPP/Maps/MainMenuLevel?Name=DIM-P46420H-FE9BAA814EEF9AF79B8260B354F2B141?SplitscreenCount=1
[2017.01.24-17.33.14:275][892]LogOnline:Warning: NULL: No game present to join for session (Game)
[2017.01.24-17.33.14:276][892]LogNet: Join succeeded: DIM-P46420H-FE9BAA81
[2017.01.24-17.33.14:277][892]LogSpawn:Warning: SpawnActor failed because no class was specified
[2017.01.24-17.33.14:305][894]LogOnline:Warning: NULL: No game present to join for session (Game)
[2017.01.24-17.33.14:370][901]LogOnline:Warning: NULL: No game present to join for session (Game)
[2017.01.24-17.33.17:847][299]LogNet: Browse: /Game/ThirdPersonCPP/Maps/ThirdPersonExampleMap?listen
[2017.01.24-17.33.17:848][299]LogLoad: LoadMap: /Game/ThirdPersonCPP/Maps/ThirdPersonExampleMap?listen
[2017.01.24-17.33.17:848][299]LogNet: World NetDriver shutdown IpNetDriver_0 [GameNetDriver]
[2017.01.24-17.33.17:848][299]LogNet: DestroyNamedNetDriver IpNetDriver_0 [GameNetDriver]
[2017.01.24-17.33.17:848][299]LogNet: UNetConnection::Cleanup: Closing open connection. [UNetConnection] RemoteAddr: 127.0.0.1:62725, Name: IpConnection_1, Driver: GameNetDriver IpNetDriver_0, IsServer: YES, PC: PlayerController_1, Owner: PlayerController_1
[2017.01.24-17.33.17:848][299]LogNet: UNetConnection::Close: [UNetConnection] RemoteAddr: 127.0.0.1:62725, Name: IpConnection_1, Driver: GameNetDriver IpNetDriver_0, IsServer: YES, PC: PlayerController_1, Owner: PlayerController_1, Channels: 11, Time: 2017.01.24-17.33.17
[2017.01.24-17.33.17:848][299]LogNet: UChannel::Close: Sending CloseBunch. ChIndex == 0. Name: [UChannel] ChIndex: 0, Closing: 0 [UNetConnection] RemoteAddr: 127.0.0.1:62725, Name: IpConnection_1, Driver: GameNetDriver IpNetDriver_0, IsServer: YES, PC: PlayerController_1, Owner: PlayerController_1
[2017.01.24-17.33.17:854][299]LogExit: GameNetDriver IpNetDriver_0 shut down
[2017.01.24-17.33.17:863][299]Cmd: MEM
[2017.01.24-17.33.17:870][299]LogMemory: Platform Memory Stats for Windows
[2017.01.24-17.33.17:870][299]LogMemory: Process Physical Memory: 960.25 MB used, 976.52 MB peak
[2017.01.24-17.33.17:870][299]LogMemory: Process Virtual Memory: 1300.09 MB used, 1466.48 MB peak
[2017.01.24-17.33.17:870][299]LogMemory: Physical Memory: 7190.19 MB used,  25485.10 MB free, 32675.29 MB total
[2017.01.24-17.33.17:870][299]LogMemory: Virtual Memory: 2221.90 MB used,  25485.10 MB free, 134217728.00 MB total
[2017.01.24-17.33.17:870][299]LogMemory: 
[2017.01.24-17.33.17:870][299]Allocator Stats for TBB: (not implemented)
[2017.01.24-17.33.18:225][299]LogAIModule: Creating AISystem for world ThirdPersonExampleMap
[2017.01.24-17.33.18:225][299]LogLoad: Game class is 'RenderToTexture_Game_C'
[2017.01.24-17.33.18:225][299]LogInit: WinSock: Socket queue 131072 / 131072
[2017.01.24-17.33.18:225][299]PacketHandlerLog: Loaded PacketHandler component: Engine.EngineHandlerComponentFactory (StatelessConnectHandlerComponent)
[2017.01.24-17.33.18:225][299]LogNet: GameNetDriver IpNetDriver_2 IpNetDriver listening on port 7777
[2017.01.24-17.33.18:230][299]LogWorld: Bringing World /Game/ThirdPersonCPP/Maps/UEDPIE_1_ThirdPersonExampleMap.ThirdPersonExampleMap up for play (max tick rate 0) at 2017.01.24-12.33.18
[2017.01.24-17.33.18:231][299]LogWorld: Bringing up level for play took: 0.004186
[2017.01.24-17.33.18:231][299]LogGameMode:Display: Match State Changed from EnteringMap to WaitingToStart
[2017.01.24-17.33.18:231][299]LogGameState: Match State Changed from EnteringMap to WaitingToStart
[2017.01.24-17.33.18:231][299]LogGameMode:Display: Match State Changed from WaitingToStart to InProgress
[2017.01.24-17.33.18:232][299]LogGameState: Match State Changed from WaitingToStart to InProgress
[2017.01.24-17.33.18:232][299]LogLoad: Took 0.384876 seconds to LoadMap(/Game/ThirdPersonCPP/Maps/ThirdPersonExampleMap)
[2017.01.24-17.33.18:233][299]LogNet:Warning: Network Failure: GameNetDriver[FailureReceived]: Host closed the connection.
[2017.01.24-17.33.18:233][299]LogNet:Warning: Network Failure: GameNetDriver[FailureReceived]: Host closed the connection.
[2017.01.24-17.33.18:233][299]LogNet: NetworkFailure: FailureReceived, Error: 'Host closed the connection.'
[2017.01.24-17.33.18:233][299]LogGameMode:Display: Match State Changed from InProgress to Aborted
[2017.01.24-17.33.18:233][299]LogGameState: Match State Changed from InProgress to Aborted
[2017.01.24-17.33.18:233][299]LogNet: UNetConnection::Close: [UNetConnection] RemoteAddr: 127.0.0.1:7777, Name: IpConnection_0, Driver: GameNetDriver IpNetDriver_1, IsServer: NO, PC: PlayerController_1, Owner: PlayerController_1, Channels: 11, Time: 2017.01.24-17.33.18
[2017.01.24-17.33.18:233][299]LogNet: UChannel::Close: Sending CloseBunch. ChIndex == 0. Name: [UChannel] ChIndex: 0, Closing: 0 [UNetConnection] RemoteAddr: 127.0.0.1:7777, Name: IpConnection_0, Driver: GameNetDriver IpNetDriver_1, IsServer: NO, PC: PlayerController_1, Owner: PlayerController_1
[2017.01.24-17.33.18:233][299]LogNet:Warning: Network Failure: GameNetDriver[ConnectionLost]: Your connection to the host has been lost.
[2017.01.24-17.33.18:233][299]LogNet:Warning: Network Failure: GameNetDriver[ConnectionLost]: Your connection to the host has been lost.
[2017.01.24-17.33.18:233][299]LogNet: NetworkFailure: ConnectionLost, Error: 'Your connection to the host has been lost.'
[2017.01.24-17.33.18:246][300]LogNet: Browse: /Game/ThirdPersonCPP/Maps/MainMenuLevel?closed
[2017.01.24-17.33.18:246][300]LogNet: Failed; returning to Entry
[2017.01.24-17.33.18:246][300]LogLoad: LoadMap: /Game/ThirdPersonCPP/Maps/MainMenuLevel?closed
[2017.01.24-17.33.18:246][300]LogNet: World NetDriver shutdown IpNetDriver_1 [GameNetDriver]
[2017.01.24-17.33.18:246][300]LogNet: DestroyNamedNetDriver IpNetDriver_1 [GameNetDriver]
[2017.01.24-17.33.18:246][300]LogExit: GameNetDriver IpNetDriver_1 shut down
[2017.01.24-17.33.18:285][300]Cmd: MEM
[2017.01.24-17.33.18:292][300]LogMemory: Platform Memory Stats for Windows
[2017.01.24-17.33.18:292][300]LogMemory: Process Physical Memory: 1051.77 MB used, 1051.77 MB peak
[2017.01.24-17.33.18:292][300]LogMemory: Process Virtual Memory: 1504.59 MB used, 1504.59 MB peak
[2017.01.24-17.33.18:292][300]LogMemory: Physical Memory: 7300.37 MB used,  25374.91 MB free, 32675.29 MB total
[2017.01.24-17.33.18:292][300]LogMemory: Virtual Memory: 2299.34 MB used,  25374.91 MB free, 134217728.00 MB total
[2017.01.24-17.33.18:292][300]LogMemory: 
[2017.01.24-17.33.18:292][300]Allocator Stats for TBB: (not implemented)
[2017.01.24-17.33.18:292][300]LogPlayLevel: Creating play world package: /Game/ThirdPersonCPP/Maps/UEDPIE_2_MainMenuLevel
[2017.01.24-17.33.18:293][300]LogPlayLevel: PIE: StaticDuplicateObject took: (0.000899s)
[2017.01.24-17.33.18:293][300]LogAIModule: Creating AISystem for world MainMenuLevel
[2017.01.24-17.33.18:293][300]LogPlayLevel: PIE: World Init took: (0.000504s)
[2017.01.24-17.33.18:293][300]LogPlayLevel: PIE: Created PIE world by copying editor world from /Game/ThirdPersonCPP/Maps/MainMenuLevel.MainMenuLevel to /Game/ThirdPersonCPP/Maps/UEDPIE_2_MainMenuLevel.MainMenuLevel (0.001575s)
[2017.01.24-17.33.18:293][300]LogLoad: Game class is 'MainMenuGameMode_C'
[2017.01.24-17.33.18:295][300]LogWorld: Bringing World /Game/ThirdPersonCPP/Maps/UEDPIE_2_MainMenuLevel.MainMenuLevel up for play (max tick rate 0) at 2017.01.24-12.33.18
[2017.01.24-17.33.18:295][300]LogWorld: Bringing up level for play took: 0.000606
[2017.01.24-17.33.18:295][300]LogGameMode: Warning - PATHS NOT DEFINED or NO PLAYERSTART with positive rating
[2017.01.24-17.33.18:295][300]LogSpawn:Warning: SpawnActor failed because no class was specified
[2017.01.24-17.33.18:298][300]LogLoad: Took 0.051813 seconds to LoadMap(/Game/ThirdPersonCPP/Maps/UEDPIE_2_MainMenuLevel)
[2017.01.24-17.33.28:131][194]LogNet: Browse: 172.16.24.145//Game/ThirdPersonCPP/Maps/MainMenuLevel
[2017.01.24-17.33.28:131][194]LogInit: WinSock: Socket queue 32768 / 32768
[2017.01.24-17.33.28:131][194]PacketHandlerLog: Loaded PacketHandler component: Engine.EngineHandlerComponentFactory (StatelessConnectHandlerComponent)
[2017.01.24-17.33.28:132][194]LogNet: Game client on port 7777, rate 10000
[2017.01.24-17.33.28:132][194]LogNet: UPendingNetGame::InitNetDriver: Sending hello. [UNetConnection] RemoteAddr: 172.16.24.145:7777, Name: IpConnection_2, Driver: PendingNetDriver IpNetDriver_3, IsServer: NO, PC: NULL, Owner: NULL
[2017.01.24-17.33.28:140][195]LogHandshake: SendConnectChallenge. Timestamp: 10.327487, Cookie: 127198224081113240052036041214092252002236048180117035215227
[2017.01.24-17.33.28:141][195]LogHandshake: SendChallengeResponse. Timestamp: 10.327487, Cookie: 127198224081113240052036041214092252002236048180117035215227
[2017.01.24-17.33.28:150][196]LogNet: Server accepting post-challenge connection from: 172.16.24.145:60616
[2017.01.24-17.33.28:150][196]PacketHandlerLog: Loaded PacketHandler component: Engine.EngineHandlerComponentFactory (StatelessConnectHandlerComponent)
[2017.01.24-17.33.28:150][196]LogNet: NotifyAcceptedConnection: Name: ThirdPersonExampleMap, TimeStamp: 01/24/17 12:33:28, [UNetConnection] RemoteAddr: 172.16.24.145:60616, Name: IpConnection_3, Driver: GameNetDriver IpNetDriver_2, IsServer: YES, PC: NULL, Owner: NULL
[2017.01.24-17.33.28:150][196]LogNet: AddClientConnection: Added client connection: [UNetConnection] RemoteAddr: 172.16.24.145:60616, Name: IpConnection_3, Driver: GameNetDriver IpNetDriver_2, IsServer: YES, PC: NULL, Owner: NULL
[2017.01.24-17.33.28:352][216]LogNet: NotifyAcceptingChannel Control 0 server World /Game/ThirdPersonCPP/Maps/UEDPIE_1_ThirdPersonExampleMap.ThirdPersonExampleMap: Accepted
[2017.01.24-17.33.28:352][216]LogNet: Remote platform little endian=1
[2017.01.24-17.33.28:352][216]LogNet: This platform little endian=1
[2017.01.24-17.33.28:363][217]LogNet: Login request: /Game/ThirdPersonCPP/Maps/MainMenuLevel?Name=DIM-P46420H-FE9BAA814EEF9AF79B8260B354F2B141 userId: DIM-P46420H-FE9BAA814EEF9AF79B8260B354F2B141
[2017.01.24-17.33.28:364][217]LogNet: Welcomed by server (Level: /Game/ThirdPersonCPP/Maps/UEDPIE_1_ThirdPersonExampleMap, Game: /Engine/ArtTools/RenderToTexture/Blueprints/RenderToTexture_Game.RenderToTexture_Game_C)
[2017.01.24-17.33.28:365][217]LogLoad: LoadMap: 172.16.24.145//Game/ThirdPersonCPP/Maps/UEDPIE_1_ThirdPersonExampleMap?game=/Engine/ArtTools/RenderToTexture/Blueprints/RenderToTexture_Game.RenderToTexture_Game_C
[2017.01.24-17.33.28:384][217]Cmd: MEM
[2017.01.24-17.33.28:393][217]LogMemory: Platform Memory Stats for Windows
[2017.01.24-17.33.28:394][217]LogMemory: Process Physical Memory: 1079.41 MB used, 1097.14 MB peak
[2017.01.24-17.33.28:394][217]LogMemory: Process Virtual Memory: 1474.43 MB used, 1551.26 MB peak
[2017.01.24-17.33.28:394][217]LogMemory: Physical Memory: 7067.47 MB used,  25607.81 MB free, 32675.29 MB total
[2017.01.24-17.33.28:394][217]LogMemory: Virtual Memory: 2302.65 MB used,  25607.81 MB free, 134217728.00 MB total
[2017.01.24-17.33.28:394][217]LogMemory: 
[2017.01.24-17.33.28:394][217]Allocator Stats for TBB: (not implemented)
[2017.01.24-17.33.28:531][217]LogAIModule: Creating AISystem for world ThirdPersonExampleMap
[2017.01.24-17.33.28:537][217]LogWorld: Bringing World /Game/ThirdPersonCPP/Maps/UEDPIE_2_ThirdPersonExampleMap.ThirdPersonExampleMap up for play (max tick rate 0) at 2017.01.24-12.33.28
[2017.01.24-17.33.28:538][217]LogWorld: Bringing up level for play took: 0.004697
[2017.01.24-17.33.28:538][217]LogLoad: Took 0.173708 seconds to LoadMap(/Game/ThirdPersonCPP/Maps/UEDPIE_1_ThirdPersonExampleMap)
[2017.01.24-17.33.28:558][218]LogNet: Client netspeed is 10000
[2017.01.24-17.33.28:558][218]LogNet: Join request: /Game/ThirdPersonCPP/Maps/MainMenuLevel?Name=DIM-P46420H-FE9BAA814EEF9AF79B8260B354F2B141?SplitscreenCount=1
[2017.01.24-17.33.28:560][218]LogNet: Join succeeded: DIM-P46420H-FE9BAA81
[2017.01.24-17.35.16:904][592]LogBlueprintUserMessages: Early EndPlayMap Detection: Level '/Game/ThirdPersonCPP/Maps/MainMenuLevel.MainMenuLevel:PersistentLevel' has LevelScriptBlueprint '/Game/ThirdPersonCPP/Maps/MainMenuLevel.MainMenuLevel:PersistentLevel.MainMenuLevel' with GeneratedClass '/Game/ThirdPersonCPP/Maps/MainMenuLevel.MainMenuLevel_C' with ClassGeneratedBy '/Game/ThirdPersonCPP/Maps/MainMenuLevel.MainMenuLevel:PersistentLevel.MainMenuLevel'
