Log file open, 01/22/17 13:59:59
LogInit:Display: Running engine for game: FlyingBeavers
LogPlatformFile: Not using cached read wrapper
LogInit:Display: RandInit(-264380460) SRandInit(-264380460).
LogTaskGraph: Started task graph with 5 named threads and 10 total threads with 1 sets of task threads.
LogStats: Stats thread started at 0.107322
LogPluginManager: Loaded Plugin Paper2D, From C:/Program Files (x86)/Epic Games/4.14/Engine/Plugins/2D/Paper2D/Paper2D.uplugin
LogPluginManager: Loaded Plugin LightPropagationVolume, From C:/Program Files (x86)/Epic Games/4.14/Engine/Plugins/Blendables/LightPropagationVolume/LightPropagationVolume.uplugin
LogPluginManager: Loaded Plugin BlankPlugin, From C:/Program Files (x86)/Epic Games/4.14/Engine/Plugins/Developer/BlankPlugin/BlankPlugin.uplugin
LogPluginManager: Loaded Plugin CodeLiteSourceCodeAccess, From C:/Program Files (x86)/Epic Games/4.14/Engine/Plugins/Developer/CodeLiteSourceCodeAccess/CodeLiteSourceCodeAccess.uplugin
LogPluginManager: Loaded Plugin GitSourceControl, From C:/Program Files (x86)/Epic Games/4.14/Engine/Plugins/Developer/GitSourceControl/GitSourceControl.uplugin
LogPluginManager: Loaded Plugin KDevelopSourceCodeAccess, From C:/Program Files (x86)/Epic Games/4.14/Engine/Plugins/Developer/KDevelopSourceCodeAccess/KDevelopSourceCodeAccess.uplugin
LogPluginManager: Loaded Plugin NullSourceCodeAccess, From C:/Program Files (x86)/Epic Games/4.14/Engine/Plugins/Developer/NullSourceCodeAccess/NullSourceCodeAccess.uplugin
LogPluginManager: Loaded Plugin OneSkyLocalizationService, From C:/Program Files (x86)/Epic Games/4.14/Engine/Plugins/Developer/OneSkyLocalizationService/OneSkyLocalizationService.uplugin
LogPluginManager: Loaded Plugin PerforceSourceControl, From C:/Program Files (x86)/Epic Games/4.14/Engine/Plugins/Developer/PerforceSourceControl/PerforceSourceControl.uplugin
LogPluginManager: Loaded Plugin SubversionSourceControl, From C:/Program Files (x86)/Epic Games/4.14/Engine/Plugins/Developer/SubversionSourceControl/SubversionSourceControl.uplugin
LogPluginManager: Loaded Plugin UObjectPlugin, From C:/Program Files (x86)/Epic Games/4.14/Engine/Plugins/Developer/UObjectPlugin/UObjectPlugin.uplugin
LogPluginManager: Loaded Plugin VisualStudioSourceCodeAccess, From C:/Program Files (x86)/Epic Games/4.14/Engine/Plugins/Developer/VisualStudioSourceCodeAccess/VisualStudioSourceCodeAccess.uplugin
LogPluginManager: Loaded Plugin XCodeSourceCodeAccess, From C:/Program Files (x86)/Epic Games/4.14/Engine/Plugins/Developer/XCodeSourceCodeAccess/XCodeSourceCodeAccess.uplugin
LogPluginManager: Loaded Plugin AudioCapture, From C:/Program Files (x86)/Epic Games/4.14/Engine/Plugins/Editor/AudioCapture/AudioCapture.uplugin
LogPluginManager: Loaded Plugin EpicSurvey, From C:/Program Files (x86)/Epic Games/4.14/Engine/Plugins/Editor/EpicSurvey/EpicSurvey.uplugin
LogPluginManager: Loaded Plugin MacGraphicsSwitching, From C:/Program Files (x86)/Epic Games/4.14/Engine/Plugins/Editor/MacGraphicsSwitching/MacGraphicsSwitching.uplugin
LogPluginManager: Loaded Plugin MobileLauncherProfileWizard, From C:/Program Files (x86)/Epic Games/4.14/Engine/Plugins/Editor/MobileLauncherProfileWizard/MobileLauncherProfileWizard.uplugin
LogPluginManager: Loaded Plugin PluginBrowser, From C:/Program Files (x86)/Epic Games/4.14/Engine/Plugins/Editor/PluginBrowser/PluginBrowser.uplugin
LogPluginManager: Loaded Plugin SpeedTreeImporter, From C:/Program Files (x86)/Epic Games/4.14/Engine/Plugins/Editor/SpeedTreeImporter/SpeedTreeImporter.uplugin
LogPluginManager: Loaded Plugin SuperSearchEditor, From C:/Program Files (x86)/Epic Games/4.14/Engine/Plugins/Editor/SuperSearchEditor/SuperSearchEditor.uplugin
LogPluginManager: Loaded Plugin AlembicImporter, From C:/Program Files (x86)/Epic Games/4.14/Engine/Plugins/Experimental/AlembicImporter/AlembicImporter.uplugin
LogPluginManager: Loaded Plugin BlueprintStats, From C:/Program Files (x86)/Epic Games/4.14/Engine/Plugins/Experimental/BlueprintStats/BlueprintStats.uplugin
LogPluginManager: Loaded Plugin CharacterAI, From C:/Program Files (x86)/Epic Games/4.14/Engine/Plugins/Experimental/CharacterAI/CharacterAI.uplugin
LogPluginManager: Loaded Plugin CodeEditor, From C:/Program Files (x86)/Epic Games/4.14/Engine/Plugins/Experimental/CodeEditor/CodeEditor.uplugin
LogPluginManager: Loaded Plugin CodeView, From C:/Program Files (x86)/Epic Games/4.14/Engine/Plugins/Experimental/CodeView/CodeView.uplugin
LogPluginManager: Loaded Plugin HTML5Networking, From C:/Program Files (x86)/Epic Games/4.14/Engine/Plugins/Experimental/HTML5Networking/HTML5Networking.uplugin
LogPluginManager: Loaded Plugin OSVR, From C:/Program Files (x86)/Epic Games/4.14/Engine/Plugins/Experimental/OSVR/OSVR.uplugin
LogPluginManager: Loaded Plugin Phya, From C:/Program Files (x86)/Epic Games/4.14/Engine/Plugins/Experimental/Phya/Phya.uplugin
LogPluginManager: Loaded Plugin SignificanceManager, From C:/Program Files (x86)/Epic Games/4.14/Engine/Plugins/Experimental/SignificanceManager/SignificanceManager.uplugin
LogPluginManager: Loaded Plugin SimpleHMD, From C:/Program Files (x86)/Epic Games/4.14/Engine/Plugins/Experimental/SimpleHMD/SimpleHMD.uplugin
LogPluginManager: Loaded Plugin StereoPanorama, From C:/Program Files (x86)/Epic Games/4.14/Engine/Plugins/Experimental/StereoPanorama/StereoPanorama.uplugin
LogPluginManager: Loaded Plugin StructBox, From C:/Program Files (x86)/Epic Games/4.14/Engine/Plugins/Experimental/StructBox/StructBox.uplugin
LogPluginManager: Loaded Plugin AndroidMedia, From C:/Program Files (x86)/Epic Games/4.14/Engine/Plugins/Media/AndroidMedia/AndroidMedia.uplugin
LogPluginManager: Loaded Plugin AvfMedia, From C:/Program Files (x86)/Epic Games/4.14/Engine/Plugins/Media/AvfMedia/AvfMedia.uplugin
LogPluginManager: Loaded Plugin MediaPlayerEditor, From C:/Program Files (x86)/Epic Games/4.14/Engine/Plugins/Media/MediaPlayerEditor/MediaPlayerEditor.uplugin
LogPluginManager: Loaded Plugin WmfMedia, From C:/Program Files (x86)/Epic Games/4.14/Engine/Plugins/Media/WmfMedia/WmfMedia.uplugin
LogPluginManager: Loaded Plugin MessagingDebugger, From C:/Program Files (x86)/Epic Games/4.14/Engine/Plugins/Messaging/MessagingDebugger/MessagingDebugger.uplugin
LogPluginManager: Loaded Plugin TcpMessaging, From C:/Program Files (x86)/Epic Games/4.14/Engine/Plugins/Messaging/TcpMessaging/TcpMessaging.uplugin
LogPluginManager: Loaded Plugin UdpMessaging, From C:/Program Files (x86)/Epic Games/4.14/Engine/Plugins/Messaging/UdpMessaging/UdpMessaging.uplugin
LogPluginManager: Loaded Plugin LevelSequenceEditor, From C:/Program Files (x86)/Epic Games/4.14/Engine/Plugins/MovieScene/LevelSequenceEditor/LevelSequenceEditor.uplugin
LogPluginManager: Loaded Plugin MatineeToLevelSequence, From C:/Program Files (x86)/Epic Games/4.14/Engine/Plugins/MovieScene/MatineeToLevelSequence/MatineeToLevelSequence.uplugin
LogPluginManager: Loaded Plugin NetcodeUnitTest, From C:/Program Files (x86)/Epic Games/4.14/Engine/Plugins/NetcodeUnitTest/NetcodeUnitTest/NetcodeUnitTest.uplugin
LogPluginManager: Loaded Plugin NUTUnrealEngine4, From C:/Program Files (x86)/Epic Games/4.14/Engine/Plugins/NetcodeUnitTest/NUTUnrealEngine4/NUTUnrealEngine4.uplugin
LogPluginManager: Loaded Plugin OnlineSubsystemGameCircle, From C:/Program Files (x86)/Epic Games/4.14/Engine/Plugins/Online/Android/OnlineSubsystemGameCircle/OnlineSubsystemGameCircle.uplugin
LogPluginManager: Loaded Plugin OnlineSubsystemGooglePlay, From C:/Program Files (x86)/Epic Games/4.14/Engine/Plugins/Online/Android/OnlineSubsystemGooglePlay/OnlineSubsystemGooglePlay.uplugin
LogPluginManager: Loaded Plugin OnlineSubsystemIOS, From C:/Program Files (x86)/Epic Games/4.14/Engine/Plugins/Online/IOS/OnlineSubsystemIOS/OnlineSubsystemIOS.uplugin
LogPluginManager: Loaded Plugin OnlineFramework, From C:/Program Files (x86)/Epic Games/4.14/Engine/Plugins/Online/OnlineFramework/OnlineFramework.uplugin
LogPluginManager: Loaded Plugin OnlineSubsystem, From C:/Program Files (x86)/Epic Games/4.14/Engine/Plugins/Online/OnlineSubsystem/OnlineSubsystem.uplugin
LogPluginManager: Loaded Plugin OnlineSubsystemAmazon, From C:/Program Files (x86)/Epic Games/4.14/Engine/Plugins/Online/OnlineSubsystemAmazon/OnlineSubsystemAmazon.uplugin
LogPluginManager: Loaded Plugin OnlineSubsystemFacebook, From C:/Program Files (x86)/Epic Games/4.14/Engine/Plugins/Online/OnlineSubsystemFacebook/OnlineSubsystemFacebook.uplugin
LogPluginManager: Loaded Plugin OnlineSubsystemNull, From C:/Program Files (x86)/Epic Games/4.14/Engine/Plugins/Online/OnlineSubsystemNull/OnlineSubsystemNull.uplugin
LogPluginManager: Loaded Plugin OnlineSubsystemOculus, From C:/Program Files (x86)/Epic Games/4.14/Engine/Plugins/Online/OnlineSubsystemOculus/OnlineSubsystemOculus.uplugin
LogPluginManager: Loaded Plugin OnlineSubsystemSteam, From C:/Program Files (x86)/Epic Games/4.14/Engine/Plugins/Online/OnlineSubsystemSteam/OnlineSubsystemSteam.uplugin
LogPluginManager: Loaded Plugin OnlineSubsystemUtils, From C:/Program Files (x86)/Epic Games/4.14/Engine/Plugins/Online/OnlineSubsystemUtils/OnlineSubsystemUtils.uplugin
LogPluginManager: Loaded Plugin IOSTapJoy, From C:/Program Files (x86)/Epic Games/4.14/Engine/Plugins/Runtime/Advertising/IOSTapJoy/IOSTapJoy.uplugin
LogPluginManager: Loaded Plugin AnalyticsBlueprintLibrary, From C:/Program Files (x86)/Epic Games/4.14/Engine/Plugins/Runtime/Analytics/AnalyticsBlueprintLibrary/AnalyticsBlueprintLibrary.uplugin
LogPluginManager: Loaded Plugin AnalyticsMulticast, From C:/Program Files (x86)/Epic Games/4.14/Engine/Plugins/Runtime/Analytics/AnalyticsMulticast/AnalyticsMulticast.uplugin
LogPluginManager: Loaded Plugin Apsalar, From C:/Program Files (x86)/Epic Games/4.14/Engine/Plugins/Runtime/Analytics/Apsalar/Apsalar.uplugin
LogPluginManager: Loaded Plugin FileLogging, From C:/Program Files (x86)/Epic Games/4.14/Engine/Plugins/Runtime/Analytics/FileLogging/FileLogging.uplugin
LogPluginManager: Loaded Plugin Flurry, From C:/Program Files (x86)/Epic Games/4.14/Engine/Plugins/Runtime/Analytics/Flurry/Flurry.uplugin
LogPluginManager: Loaded Plugin AndroidDeviceProfileSelector, From C:/Program Files (x86)/Epic Games/4.14/Engine/Plugins/Runtime/AndroidDeviceProfileSelector/AndroidDeviceProfileSelector.uplugin
LogPluginManager: Loaded Plugin AndroidMoviePlayer, From C:/Program Files (x86)/Epic Games/4.14/Engine/Plugins/Runtime/AndroidMoviePlayer/AndroidMoviePlayer.uplugin
LogPluginManager: Loaded Plugin AppleMoviePlayer, From C:/Program Files (x86)/Epic Games/4.14/Engine/Plugins/Runtime/AppleMoviePlayer/AppleMoviePlayer.uplugin
LogPluginManager: Loaded Plugin ArchVisCharacter, From C:/Program Files (x86)/Epic Games/4.14/Engine/Plugins/Runtime/ArchVisCharacter/ArchVisCharacter.uplugin
LogPluginManager: Loaded Plugin CableComponent, From C:/Program Files (x86)/Epic Games/4.14/Engine/Plugins/Runtime/CableComponent/CableComponent.uplugin
LogPluginManager: Loaded Plugin CustomMeshComponent, From C:/Program Files (x86)/Epic Games/4.14/Engine/Plugins/Runtime/CustomMeshComponent/CustomMeshComponent.uplugin
LogPluginManager: Loaded Plugin ExampleDeviceProfileSelector, From C:/Program Files (x86)/Epic Games/4.14/Engine/Plugins/Runtime/ExampleDeviceProfileSelector/ExampleDeviceProfileSelector.uplugin
LogPluginManager: Loaded Plugin GearVR, From C:/Program Files (x86)/Epic Games/4.14/Engine/Plugins/Runtime/GearVR/GearVR.uplugin
LogPluginManager: Loaded Plugin GoogleVRController, From C:/Program Files (x86)/Epic Games/4.14/Engine/Plugins/Runtime/GoogleVR/GoogleVRController/GoogleVRController.uplugin
LogPluginManager: Loaded Plugin GoogleVRHMD, From C:/Program Files (x86)/Epic Games/4.14/Engine/Plugins/Runtime/GoogleVR/GoogleVRHMD/GoogleVRHMD.uplugin
LogPluginManager: Loaded Plugin IOSDeviceProfileSelector, From C:/Program Files (x86)/Epic Games/4.14/Engine/Plugins/Runtime/IOSDeviceProfileSelector/IOSDeviceProfileSelector.uplugin
LogPluginManager: Loaded Plugin LeapMotion, From C:/Program Files (x86)/Epic Games/4.14/Engine/Plugins/Runtime/LeapMotion/LeapMotion.uplugin
LogPluginManager: Loaded Plugin LinuxDeviceProfileSelector, From C:/Program Files (x86)/Epic Games/4.14/Engine/Plugins/Runtime/LinuxDeviceProfileSelector/LinuxDeviceProfileSelector.uplugin
LogPluginManager: Loaded Plugin MIDIDevice, From C:/Program Files (x86)/Epic Games/4.14/Engine/Plugins/Runtime/MIDIDevice/MIDIDevice.uplugin
LogPluginManager: Loaded Plugin MobilePatchingUtils, From C:/Program Files (x86)/Epic Games/4.14/Engine/Plugins/Runtime/MobilePatchingUtils/MobilePatchingUtils.uplugin
LogPluginManager: Loaded Plugin Ansel, From C:/Program Files (x86)/Epic Games/4.14/Engine/Plugins/Runtime/Nvidia/Ansel/Ansel.uplugin
LogPluginManager: Loaded Plugin OculusAudio, From C:/Program Files (x86)/Epic Games/4.14/Engine/Plugins/Runtime/OculusAudio/OculusAudio.uplugin
LogPluginManager: Loaded Plugin OculusInput, From C:/Program Files (x86)/Epic Games/4.14/Engine/Plugins/Runtime/OculusInput/OculusInput.uplugin
LogPluginManager: Loaded Plugin OculusLibrary, From C:/Program Files (x86)/Epic Games/4.14/Engine/Plugins/Runtime/OculusLibrary/OculusLibrary.uplugin
LogPluginManager: Loaded Plugin OculusRift, From C:/Program Files (x86)/Epic Games/4.14/Engine/Plugins/Runtime/OculusRift/OculusRift.uplugin
LogPluginManager: Loaded Plugin Oodle, From C:/Program Files (x86)/Epic Games/4.14/Engine/Plugins/Runtime/PacketHandlers/CompressionComponents/Oodle/Oodle.uplugin
LogPluginManager: Loaded Plugin ProceduralMeshComponent, From C:/Program Files (x86)/Epic Games/4.14/Engine/Plugins/Runtime/ProceduralMeshComponent/ProceduralMeshComponent.uplugin
LogPluginManager: Loaded Plugin SoundMod, From C:/Program Files (x86)/Epic Games/4.14/Engine/Plugins/Runtime/SoundMod/SoundMod.uplugin
LogPluginManager: Loaded Plugin SoundVisualizations, From C:/Program Files (x86)/Epic Games/4.14/Engine/Plugins/Runtime/SoundVisualizations/SoundVisualizations.uplugin
LogPluginManager: Loaded Plugin SteamController, From C:/Program Files (x86)/Epic Games/4.14/Engine/Plugins/Runtime/Steam/SteamController/SteamController.uplugin
LogPluginManager: Loaded Plugin SteamVR, From C:/Program Files (x86)/Epic Games/4.14/Engine/Plugins/Runtime/Steam/SteamVR/SteamVR.uplugin
LogPluginManager: Loaded Plugin WebBrowserWidget, From C:/Program Files (x86)/Epic Games/4.14/Engine/Plugins/Runtime/WebBrowserWidget/WebBrowserWidget.uplugin
LogPluginManager: Loaded Plugin WindowsDeviceProfileSelector, From C:/Program Files (x86)/Epic Games/4.14/Engine/Plugins/Runtime/WindowsDeviceProfileSelector/WindowsDeviceProfileSelector.uplugin
LogPluginManager: Loaded Plugin WindowsMoviePlayer, From C:/Program Files (x86)/Epic Games/4.14/Engine/Plugins/Runtime/WindowsMoviePlayer/WindowsMoviePlayer.uplugin
LogPluginManager: Loaded Plugin ScriptPlugin, From C:/Program Files (x86)/Epic Games/4.14/Engine/Plugins/ScriptPlugin/ScriptPlugin.uplugin
LogPluginManager: Loaded Plugin SlateRemote, From C:/Program Files (x86)/Epic Games/4.14/Engine/Plugins/Slate/SlateRemote/SlateRemote.uplugin
LogPluginManager: Loaded Plugin EditorTests, From C:/Program Files (x86)/Epic Games/4.14/Engine/Plugins/Tests/EditorTests/EditorTests.uplugin
LogPluginManager: Loaded Plugin FbxAutomationTestBuilder, From C:/Program Files (x86)/Epic Games/4.14/Engine/Plugins/Tests/FbxAutomationTestBuilder/FbxAutomationTestBuilder.uplugin
LogPluginManager: Loaded Plugin FunctionalTestingEditor, From C:/Program Files (x86)/Epic Games/4.14/Engine/Plugins/Tests/FunctionalTestingEditor/FunctionalTestingEditor.uplugin
LogPluginManager: Loaded Plugin RuntimeTests, From C:/Program Files (x86)/Epic Games/4.14/Engine/Plugins/Tests/RuntimeTests/RuntimeTests.uplugin
LogPluginManager: Loaded Plugin ScreenshotTools, From C:/Program Files (x86)/Epic Games/4.14/Engine/Plugins/Tests/ScreenshotTools/ScreenshotTools.uplugin
LogInit: Using libcurl 7.47.1
LogInit:  - built for x86_64-pc-win32
LogInit:  - supports SSL with OpenSSL/1.0.2g
LogInit:  - supports HTTP deflate (compression) using libz 1.2.8
LogInit:  - other features:
LogInit:      CURL_VERSION_SSL
LogInit:      CURL_VERSION_LIBZ
LogInit:      CURL_VERSION_IPV6
LogInit:      CURL_VERSION_ASYNCHDNS
LogInit:      CURL_VERSION_LARGEFILE
LogInit:      CURL_VERSION_IDN
LogInit:  CurlRequestOptions (configurable via config and command line):
LogInit:  - bVerifyPeer = false  - Libcurl will NOT verify peer certificate
LogInit:  - bUseHttpProxy = false  - Libcurl will NOT use HTTP proxy
LogInit:  - bDontReuseConnections = false  - Libcurl will reuse connections
LogInit:  - CertBundlePath = nullptr  - Libcurl will use whatever was configured at build time.
LogModuleManager:Warning: No filename provided for module OnlineSubsystemLAN
LogModuleManager:Warning: ModuleManager: Unable to load module 'OnlineSubsystemLAN' because the file 'C:/Program Files (x86)/Epic Games/4.14/Engine/Binaries/Win64/' was not found.
LogInit: WinSock: version 1.1 (2.2), MaxSocks=32767, MaxUdp=65467
LogInit: Build: ++UE4+Release-4.14-CL-3249277
LogInit: Engine Version: 4.14.3-3249277+++UE4+Release-4.14
LogInit: Compatible Engine Version: 4.14.0-3195953+++UE4+Release-4.14
LogInit: Net CL: 3195953
LogDevObjectVersion: Number of dev versions registered: 13
LogDevObjectVersion:   Dev-Blueprints (B0D832E4-1F89-4F0D-ACCF-7EB736FD4AA2): 7
LogDevObjectVersion:   Dev-Build (E1C64328-A22C-4D53-A36C-8E866417BD8C): 0
LogDevObjectVersion:   Dev-Core (375EC13C-06E4-48FB-B500-84F0262A717E): 1
LogDevObjectVersion:   Dev-Editor (E4B068ED-F494-42E9-A231-DA0B2E46BB41): 8
LogDevObjectVersion:   Dev-Framework (CFFC743F-43B0-4480-9391-14DF171D2073): 17
LogDevObjectVersion:   Dev-Mobile (B02B49B5-BB20-44E9-A304-32B752E40360): 0
LogDevObjectVersion:   Dev-Networking (A4E4105C-59A1-49B5-A7C5-40C4547EDFEE): 0
LogDevObjectVersion:   Dev-Online (39C831C9-5AE6-47DC-9A44-9C173E1C8E7C): 0
LogDevObjectVersion:   Dev-Physics (78F01B33-EBEA-4F98-B9B4-84EACCB95AA2): 0
LogDevObjectVersion:   Dev-Platform (6631380F-2D4D-43E0-8009-CF276956A95A): 0
LogDevObjectVersion:   Dev-Rendering (12F88B9F-8875-4AFC-A67C-D90C383ABD29): 12
LogDevObjectVersion:   Dev-Sequencer (7B5AE74C-D270-4C10-A958-57980B212A5A): 1
LogDevObjectVersion:   Dev-VR (D7296918-1DD6-4BDD-9DE2-64A83CC13884): 0
LogInit: Compiled (64-bit): Jan  6 2017 10:49:43
LogInit: Compiled with Visual C++: 19.00.23026.00
LogInit: Build Configuration: Development
LogInit: Branch Name: ++UE4+Release-4.14
LogInit: Command line: -EpicPortal 
LogInit: Base directory: C:/Program Files (x86)/Epic Games/4.14/Engine/Binaries/Win64/
LogInit: Installed Engine Build: 1
LogInit: Presizing for max 8388607 objects, including 0 objects not considered by GC, pre-allocating 0 bytes for permanent pool.
LogInit: Object subsystem initialized
[2017.01.22-18.59.59:549][  0]LogInit: Selected Device Profile: [Windows]
[2017.01.22-18.59.59:549][  0]LogInit: Applying CVar settings loaded from the selected device profile: [Windows]
[2017.01.22-18.59.59:560][  0]LogInit: Computer: DIM-P46420H
[2017.01.22-18.59.59:560][  0]LogInit: User: lgarreau
[2017.01.22-18.59.59:560][  0]LogInit: CPU Page size=65536, Cores=6
[2017.01.22-18.59.59:560][  0]LogInit: High frequency timer resolution =3.410074 MHz
[2017.01.22-18.59.59:560][  0]LogMemory: Memory total: Physical=31.9GB (32GB approx)
[2017.01.22-18.59.59:560][  0]LogMemory: Platform Memory Stats for Windows
[2017.01.22-18.59.59:560][  0]LogMemory: Process Physical Memory: 266.84 MB used, 266.84 MB peak
[2017.01.22-18.59.59:560][  0]LogMemory: Process Virtual Memory: 269.61 MB used, 269.61 MB peak
[2017.01.22-18.59.59:560][  0]LogMemory: Physical Memory: 4369.72 MB used,  28305.57 MB free, 32675.29 MB total
[2017.01.22-18.59.59:560][  0]LogMemory: Virtual Memory: 687.58 MB used,  28305.57 MB free, 134217728.00 MB total
[2017.01.22-18.59.59:581][  0]LogTextLocalizationManager: No translations for ('fr-FR') exist, falling back to 'en' for localization and internationalization data.
[2017.01.22-19.00.00:260][  0]LogD3D11RHI: D3D11 adapters:
[2017.01.22-19.00.00:292][  0]LogD3D11RHI:    0. 'NVIDIA Quadro K4200' (Feature Level 11_0)
[2017.01.22-19.00.00:292][  0]LogD3D11RHI:       4062/0/16337 MB DedicatedVideo/DedicatedSystem/SharedSystem, Outputs:2, VendorId:0x10de
[2017.01.22-19.00.00:293][  0]LogD3D11RHI:    1. 'Microsoft Basic Render Driver' (Feature Level 11_0)
[2017.01.22-19.00.00:293][  0]LogD3D11RHI:       0/0/16337 MB DedicatedVideo/DedicatedSystem/SharedSystem, Outputs:0, VendorId:0x1414
[2017.01.22-19.00.00:293][  0]LogD3D11RHI: Chosen D3D11 Adapter: 0
[2017.01.22-19.00.00:297][  0]LogD3D11RHI: Creating new Direct3DDevice
[2017.01.22-19.00.00:297][  0]LogD3D11RHI:     GPU DeviceId: 0x11b4 (for the marketing name, search the web for "GPU Device Id")
[2017.01.22-19.00.00:297][  0]LogWindows: EnumDisplayDevices:
[2017.01.22-19.00.00:297][  0]LogWindows:    0. 'NVIDIA Quadro K4200' (P:1 D:1)
[2017.01.22-19.00.00:297][  0]LogWindows:    1. 'NVIDIA Quadro K4200' (P:0 D:1)
[2017.01.22-19.00.00:297][  0]LogWindows:    2. 'NVIDIA Quadro K4200' (P:0 D:0)
[2017.01.22-19.00.00:297][  0]LogWindows:    3. 'NVIDIA Quadro K4200' (P:0 D:0)
[2017.01.22-19.00.00:297][  0]LogWindows:    4. 'DameWare Development Mirror Driver 64-bit' (P:0 D:0)
[2017.01.22-19.00.00:297][  0]LogWindows: DebugString: GetVideoDriverDetailsInvalid PrimaryIsNotTheChoosenAdapter FoundDriverCount:4 
[2017.01.22-19.00.00:297][  0]LogD3D11RHI:     Adapter Name: NVIDIA Quadro K4200
[2017.01.22-19.00.00:297][  0]LogD3D11RHI:   Driver Version: 369.09 (internal:21.21.13.6909, unified:369.09)
[2017.01.22-19.00.00:297][  0]LogD3D11RHI:      Driver Date: 8-1-2016
[2017.01.22-19.00.00:297][  0]LogRHI: Texture pool is 1361 MB (70% of 1945 MB)
[2017.01.22-19.00.00:313][  0]LogD3D11RHI:Warning: Timestamp queries are currently disabled on this hardware due to instability. Realtime GPU stats will not be available. You can override this behaviour by setting r.NVIDIATimestampWorkaround to 0
[2017.01.22-19.00.00:313][  0]LogD3D11RHI: Async texture creation enabled
[2017.01.22-19.00.00:323][  0]LogD3D11RHI: GPU Timing Frequency: 1000.000000 (Debug: 2 1)
[2017.01.22-19.00.00:324][  0]LogShaderCompilers: Guid format shader working directory is -24 characters bigger than the processId version (../../../../../../Users/lgarreau/Documents/Unreal Projects/FlyingBeavers/Intermediate/Shaders/WorkingDirectory/14916/).
[2017.01.22-19.00.00:324][  0]LogShaderCompilers: Cleaned the shader compiler working directory 'C:/Users/lgarreau/AppData/Local/Temp/UnrealShaderWorkingDir/08998184453DA1DCC77C128696908BD6/'.
[2017.01.22-19.00.00:324][  0]LogShaderCompilers:Display: Using Local Shader Compiler.
[2017.01.22-19.00.01:411][  0]LogTemp:Display: Loaded TP AllDesktopTargetPlatform
[2017.01.22-19.00.01:467][  0]LogTemp:Display: Loaded TP MacClientTargetPlatform
[2017.01.22-19.00.01:523][  0]LogTemp:Display: Loaded TP MacNoEditorTargetPlatform
[2017.01.22-19.00.01:580][  0]LogTemp:Display: Loaded TP MacServerTargetPlatform
[2017.01.22-19.00.01:653][  0]LogTemp:Display: Loaded TP MacTargetPlatform
[2017.01.22-19.00.01:712][  0]LogTemp:Display: Loaded TP WindowsClientTargetPlatform
[2017.01.22-19.00.01:769][  0]LogTemp:Display: Loaded TP WindowsNoEditorTargetPlatform
[2017.01.22-19.00.01:825][  0]LogTemp:Display: Loaded TP WindowsServerTargetPlatform
[2017.01.22-19.00.01:873][  0]LogTemp:Display: Loaded TP WindowsTargetPlatform
[2017.01.22-19.00.01:929][  0]LogTemp:Display: Loaded TP AndroidTargetPlatform
[2017.01.22-19.00.01:984][  0]LogTemp:Display: Loaded TP Android_ASTCTargetPlatform
[2017.01.22-19.00.02:039][  0]LogTemp:Display: Loaded TP Android_ATCTargetPlatform
[2017.01.22-19.00.02:096][  0]LogTemp:Display: Loaded TP Android_DXTTargetPlatform
[2017.01.22-19.00.02:153][  0]LogTemp:Display: Loaded TP Android_ETC1TargetPlatform
[2017.01.22-19.00.02:225][  0]LogTemp:Display: Loaded TP Android_ETC2TargetPlatform
[2017.01.22-19.00.02:336][  0]LogTemp:Display: Loaded TP Android_MultiTargetPlatform
[2017.01.22-19.00.02:336][  0]LogTemp:Display: Loaded TP Android_PVRTCTargetPlatform
[2017.01.22-19.00.02:377][  0]LogTemp:Display: Loaded TP HTML5TargetPlatform
[2017.01.22-19.00.02:469][  0]LogTemp:Display: Loaded TP IOSTargetPlatform
[2017.01.22-19.00.02:511][  0]LogTemp:Display: Loaded TP TVOSTargetPlatform
[2017.01.22-19.00.02:569][  0]LogTemp:Display: Loaded TP LinuxClientTargetPlatform
[2017.01.22-19.00.02:625][  0]LogTemp:Display: Loaded TP LinuxNoEditorTargetPlatform
[2017.01.22-19.00.02:679][  0]LogTemp:Display: Loaded TP LinuxServerTargetPlatform
[2017.01.22-19.00.02:735][  0]LogTemp:Display: Loaded TP LinuxTargetPlatform
[2017.01.22-19.00.02:735][  0]LogTargetPlatformManager:Display: Building Assets For Windows
[2017.01.22-19.00.03:165][  0]LogDerivedDataCache:Display: Max Cache Size: 512 MB
[2017.01.22-19.00.03:214][  0]LogDerivedDataCache: Loaded boot cache 0.05s 51MB C:/Users/lgarreau/AppData/Local/UnrealEngine/4.14/DerivedDataCache/Boot.ddc.
[2017.01.22-19.00.03:214][  0]LogDerivedDataCache:Display: Loaded Boot cache: C:/Users/lgarreau/AppData/Local/UnrealEngine/4.14/DerivedDataCache/Boot.ddc
[2017.01.22-19.00.03:214][  0]LogDerivedDataCache: FDerivedDataBackendGraph:  Pak pak cache file ../../../../../../Users/lgarreau/Documents/Unreal Projects/FlyingBeavers/DerivedDataCache/DDC.ddp not found, will not use a pak cache.
[2017.01.22-19.00.03:214][  0]LogDerivedDataCache: Unable to find inner node Pak for hierarchical cache Hierarchy.
[2017.01.22-19.00.03:214][  0]LogDerivedDataCache: FDerivedDataBackendGraph:  CompressedPak pak cache file ../../../../../../Users/lgarreau/Documents/Unreal Projects/FlyingBeavers/DerivedDataCache/Compressed.ddp not found, will not use a pak cache.
[2017.01.22-19.00.03:214][  0]LogDerivedDataCache: Unable to find inner node CompressedPak for hierarchical cache Hierarchy.
[2017.01.22-19.00.03:229][  0]LogDerivedDataCache:Display: Pak cache opened for reading ../../../Engine/DerivedDataCache/Compressed.ddp.
[2017.01.22-19.00.03:242][  0]LogDerivedDataCache: Using Local data cache path C:/Users/lgarreau/AppData/Local/UnrealEngine/Common/DerivedDataCache: Writable
[2017.01.22-19.00.03:448][  0]LogInit: Selected Device Profile: [Windows]
[2017.01.22-19.00.03:450][  0]LogContentStreaming: Texture pool size is 0.00 MB
[2017.01.22-19.00.03:680][  0]LogMeshUtilities: Using QuadricMeshReduction for automatic static mesh reduction
[2017.01.22-19.00.03:728][  0]LogSimplygon: Simplygon DLL not present - disabling.
[2017.01.22-19.00.03:783][  0]LogMeshUtilities: Using SimplygonSwarm for distributed automatic mesh merging
[2017.01.22-19.00.03:783][  0]LogMeshUtilities: No automatic skeletal mesh reduction module available
[2017.01.22-19.00.03:783][  0]LogMeshUtilities: No automatic mesh merging module available
[2017.01.22-19.00.04:624][  0]LogNetVersion: GetLocalNetworkVersion: CL: 3195953, ProjectName: flyingbeavers, ProjectVersion: , EngineNetworkVersion: 2, GameNetworkVersion: 0, NetworkChecksum: 2698581345
[2017.01.22-19.00.04:685][  0]LogAssetRegistry: FAssetRegistry took 0.0220 seconds to start up
[2017.01.22-19.00.04:766][  0]LogPackageLocalizationCache: Processed 3 localized package path(s) for 1 prioritized culture(s) in 0.018090 seconds
[2017.01.22-19.00.04:771][  0]LogUObjectArray: 31946 objects as part of root set at end of initial load.
[2017.01.22-19.00.04:771][  0]LogUObjectAllocator: 6935848 out of 0 bytes used by permanent object pool.
[2017.01.22-19.00.04:771][  0]LogUObjectArray: CloseDisregardForGC: 0/0 objects in disregard for GC pool
[2017.01.22-19.00.05:715][  0]LogSlate: Using Freetype 2.6.0
[2017.01.22-19.00.05:715][  0]LogSlate: SlateFontCache - WITH_FREETYPE: 1, WITH_HARFBUZZ: 1
[2017.01.22-19.00.05:715][  0]LogSlate: SlateFontCache - WITH_FREETYPE: 1, WITH_HARFBUZZ: 1
[2017.01.22-19.00.06:755][  0]LogTcpMessaging: Initializing TcpMessaging bridge
[2017.01.22-19.00.06:826][  0]LogUdpMessaging: Initializing bridge on interface 0.0.0.0:0 to multicast group 230.0.0.1:6666.
[2017.01.22-19.00.07:499][  0]LogMaterial: Uniform references updated for custom material expression Custom.
[2017.01.22-19.00.07:960][  0]SourceControl: Info Source control is disabled
[2017.01.22-19.00.08:026][  0]SourceControl: Info Source control is disabled
[2017.01.22-19.00.08:079][  0]SourceControl: Info Source control is disabled
[2017.01.22-19.00.08:130][  0]SourceControl: Info Source control is disabled
[2017.01.22-19.00.09:663][  0]LogEngine: Initializing Engine...
[2017.01.22-19.00.09:664][  0]LogHMD: Failed to initialize OpenVR with code 110
[2017.01.22-19.00.09:948][  0]LogAIModule: Creating AISystem for world Untitled
[2017.01.22-19.00.09:954][  0]LogInit: XAudio2 using 'Haut-parleurs (Realtek High Definition Audio)' : 2 channels at 48 kHz using 32 bits per sample (channel mask 0x3)
[2017.01.22-19.00.09:969][  0]LogInit: FAudioDevice initialized.
[2017.01.22-19.00.09:992][  0]LogDerivedDataCache: Saved boot cache 0.02s 51MB C:/Users/lgarreau/AppData/Local/UnrealEngine/4.14/DerivedDataCache/Boot.ddc.
[2017.01.22-19.00.09:998][  0]LogInit: Texture streaming: Enabled
[2017.01.22-19.00.10:236][  0]LogInit: Transaction tracking system initialized
[2017.01.22-19.00.10:652][  0]BlueprintLog: New page: Editor Load
[2017.01.22-19.00.11:877][  0]LocalizationService: Info Localization service is disabled
[2017.01.22-19.00.12:766][  0]LogConsoleResponse:Display: 
[2017.01.22-19.00.12:952][  0]LogCook:Display: Max memory allowance for cook 16384mb min free memory 0mb
[2017.01.22-19.00.12:952][  0]LogCook:Display: Mobile HDR setting 1
[2017.01.22-19.00.13:022][  0]LogFileCache: Scanning file cache for directory 'C:/Users/lgarreau/Documents/Unreal Projects/FlyingBeavers/Content/' took 0.02s
[2017.01.22-19.00.14:002][  0]SourceControl: Info Source control is disabled
[2017.01.22-19.00.14:002][  0]Cmd: MAP LOAD FILE="../../../../../../Users/lgarreau/Documents/Unreal Projects/FlyingBeavers/Content/ThirdPersonCPP/Maps/MainMenuLevel.umap" TEMPLATE=0 SHOWPROGRESS=1 FEATURELEVEL=3
[2017.01.22-19.00.14:003][  0]LightingResults: New page: Lighting Build
[2017.01.22-19.00.14:051][  0]MapCheck: New page: Map Check
[2017.01.22-19.00.14:051][  0]LightingResults: New page: Lighting Build
[2017.01.22-19.00.14:238][  0]LogAIModule: Creating AISystem for world MainMenuLevel
[2017.01.22-19.00.14:238][  0]LogEditorServer: Finished looking for orphan Actors (0.000 secs)
[2017.01.22-19.00.14:239][  0]Cmd: MAP CHECKDEP NOCLEARLOG
[2017.01.22-19.00.14:288][  0]MapCheck: Info Map check complete: 0 Error(s), 0 Warning(s), took 50.38ms to complete.
[2017.01.22-19.00.14:289][  0]LogFileHelpers: Loading map 'MainMenuLevel' took 0.291
[2017.01.22-19.00.14:522][  0]LogCollectionManager: Loaded 0 collections in 0.002724 seconds
[2017.01.22-19.00.14:677][  0]LogFileCache: Scanning file cache for directory 'C:/Users/lgarreau/Documents/Unreal Projects/FlyingBeavers/Saved/Collections/' took 0.01s
[2017.01.22-19.00.14:677][  0]LogFileCache: Scanning file cache for directory 'C:/Users/lgarreau/Documents/Unreal Projects/FlyingBeavers/Content/Developers/lgarreau/Collections/' took 0.01s
[2017.01.22-19.00.14:677][  0]LogFileCache: Scanning file cache for directory 'C:/Users/lgarreau/Documents/Unreal Projects/FlyingBeavers/Content/Collections/' took 0.01s
[2017.01.22-19.00.14:677][  0]LogCollectionManager: Rebuilt the GUID cache for 0 collections in 0.000004 seconds
[2017.01.22-19.00.14:707][  0]LogContentBrowser: Native class hierarchy populated in 0.0271 seconds. Added 2192 classes and 430 folders.
[2017.01.22-19.00.14:785][  0]LogStats: UGameplayTagsManager::ConstructGameplayTagTree: Construct from data asset -  0.000 s
[2017.01.22-19.00.14:786][  0]LogStats: UGameplayTagsManager::ConstructGameplayTagTree: GameplayTagTreeChangedEvent.Broadcast -  0.000 s
[2017.01.22-19.00.14:788][  0]LogContentBrowser: Native class hierarchy updated for 'GameplayTags' in 0.0022 seconds. Added 13 classes and 0 folders.
[2017.01.22-19.00.14:866][  0]LogContentBrowser: Native class hierarchy updated for 'WidgetCarousel' in 0.0019 seconds. Added 0 classes and 0 folders.
[2017.01.22-19.00.15:006][  0]LogContentBrowser: Native class hierarchy updated for 'AddContentDialog' in 0.0018 seconds. Added 0 classes and 0 folders.
[2017.01.22-19.00.15:076][  0]LogContentBrowser: Native class hierarchy updated for 'SceneOutliner' in 0.0016 seconds. Added 1 classes and 2 folders.
[2017.01.22-19.00.15:292][  0]LogCrashTracker: Crashtracker disabled due to settings.
[2017.01.22-19.00.15:302][  0]LogUObjectGlobals:Warning: Failed to find object 'Class None.'
[2017.01.22-19.00.15:395][  0]LogContentBrowser: Native class hierarchy updated for 'HierarchicalLODOutliner' in 0.0020 seconds. Added 1 classes and 2 folders.
[2017.01.22-19.00.15:395][  0]LogLoad: (Engine Initialization) Total time: 18.38 seconds
[2017.01.22-19.00.15:395][  0]LogLoad: (Engine Initialization) Total Blueprint compile time: 0.18 seconds
[2017.01.22-19.00.15:395][  0]LogExternalProfiler: Found external profiler: VSPerf
[2017.01.22-19.00.15:395][  0]LogExternalProfiler: Using external profiler: VSPerf
[2017.01.22-19.00.15:731][  0]LogOcInput: OculusInput pre-init called
[2017.01.22-19.00.15:762][  0]LogContentStreaming: Texture pool size now 1000 MB
[2017.01.22-19.00.15:990][  0]LogRenderer: Reallocating scene render targets to support 1208x576 NumSamples 1 (Frame:2).
[2017.01.22-19.00.16:420][  2]LogAssetRegistry: Asset discovery search completed in 11.9249 seconds
[2017.01.22-19.00.16:420][  2]LogCollectionManager: Rebuilt the object cache for 0 collections in 0.000001 seconds (found 0 objects)
[2017.01.22-19.00.16:420][  2]LogCollectionManager: Fixed up redirectors for 0 collections in 0.000047 seconds (updated 0 objects)
[2017.01.22-19.04.23:725][763]LogEditorViewport: Clicking Background
[2017.01.22-19.04.31:920][ 71]LogEditorViewport: Clicking Background
[2017.01.22-19.04.45:495][430]Cmd: MAP LOAD FILE="../../../../../../Users/lgarreau/Documents/Unreal Projects/FlyingBeavers/Content/ThirdPersonCPP/Maps/MainMenuLevel.umap" TEMPLATE=0 SHOWPROGRESS=1 FEATURELEVEL=3
[2017.01.22-19.04.45:495][430]LightingResults: New page: Lighting Build
[2017.01.22-19.04.45:496][430]LoadErrors: New page: Loading map: MainMenuLevel.umap
[2017.01.22-19.04.45:496][430]MapCheck: New page: Map Check
[2017.01.22-19.04.45:496][430]LightingResults: New page: Lighting Build
[2017.01.22-19.04.45:525][430]LogAIModule: Creating AISystem for world MainMenuLevel
[2017.01.22-19.04.45:565][430]LogEditorServer: Finished looking for orphan Actors (0.000 secs)
[2017.01.22-19.04.45:592][430]Cmd: MAP CHECKDEP NOCLEARLOG
[2017.01.22-19.04.45:647][430]MapCheck: Info Map check complete: 0 Error(s), 0 Warning(s), took 54.937ms to complete.
[2017.01.22-19.04.45:648][430]LogFileHelpers: Loading map 'MainMenuLevel' took 0.154
[2017.01.22-19.04.48:279][697]LogAIModule: Creating AISystem for world ThirdPersonExampleMap
[2017.01.22-19.04.48:316][697]Cmd: MAP LOAD FILE="../../../../../../Users/lgarreau/Documents/Unreal Projects/FlyingBeavers/Content/ThirdPersonCPP/Maps/ThirdPersonExampleMap.umap" TEMPLATE=0 SHOWPROGRESS=1 FEATURELEVEL=3
[2017.01.22-19.04.48:317][697]LightingResults: New page: Lighting Build
[2017.01.22-19.04.48:317][697]LoadErrors: New page: Loading map: ThirdPersonExampleMap.umap
[2017.01.22-19.04.48:318][697]MapCheck: New page: Map Check
[2017.01.22-19.04.48:318][697]LightingResults: New page: Lighting Build
[2017.01.22-19.04.48:406][697]LogEditorServer: Finished looking for orphan Actors (0.000 secs)
[2017.01.22-19.04.48:426][697]Cmd: MAP CHECKDEP NOCLEARLOG
[2017.01.22-19.04.48:487][697]MapCheck: Info Map check complete: 0 Error(s), 0 Warning(s), took 61.145ms to complete.
[2017.01.22-19.04.48:487][697]LogFileHelpers: Loading map 'ThirdPersonExampleMap' took 0.172
[2017.01.22-19.04.49:971][851]LogAIModule: Creating AISystem for world MainMenuLevel
[2017.01.22-19.04.49:991][851]Cmd: MAP LOAD FILE="../../../../../../Users/lgarreau/Documents/Unreal Projects/FlyingBeavers/Content/ThirdPersonCPP/Maps/MainMenuLevel.umap" TEMPLATE=0 SHOWPROGRESS=1 FEATURELEVEL=3
[2017.01.22-19.04.49:991][851]LightingResults: New page: Lighting Build
[2017.01.22-19.04.49:992][851]LoadErrors: New page: Loading map: MainMenuLevel.umap
[2017.01.22-19.04.49:993][851]MapCheck: New page: Map Check
[2017.01.22-19.04.49:993][851]LightingResults: New page: Lighting Build
[2017.01.22-19.04.50:041][851]LogEditorServer: Finished looking for orphan Actors (0.000 secs)
[2017.01.22-19.04.50:059][851]Cmd: MAP CHECKDEP NOCLEARLOG
[2017.01.22-19.04.50:128][851]MapCheck: Info Map check complete: 0 Error(s), 0 Warning(s), took 69.082ms to complete.
[2017.01.22-19.04.50:128][851]LogFileHelpers: Loading map 'MainMenuLevel' took 0.138
[2017.01.22-19.04.56:454][497]LogContentBrowser: Native class hierarchy updated for 'BlueprintGraph' in 0.0023 seconds. Added 111 classes and 0 folders.
[2017.01.22-19.04.57:115][497]LogTexture:Display: Building textures: TilePatine_N (BC5)
[2017.01.22-19.04.57:162][497]LogTexture:Display: Building textures: TilePatine_D (AutoDXT)
[2017.01.22-19.12.18:041][908]BlueprintLog: New page: Compile MainMenu_W
[2017.01.22-19.12.20:601][183]LogSavePackage: Save=7.40ms
[2017.01.22-19.12.20:601][183]LogSavePackage: Moving '../../../../../../Users/lgarreau/Documents/Unreal Projects/FlyingBeavers/Saved/MainMenu_W60488BC344B6CF8415F047AC6885AE4F.tmp' to '../../../../../../Users/lgarreau/Documents/Unreal Projects/FlyingBeavers/Content/ThirdPersonCPP/Blueprints/Menu/MainMenu_W.uasset'
[2017.01.22-19.12.20:603][183]LogSavePackage:Display: Finished SavePackage ../../../../../../Users/lgarreau/Documents/Unreal Projects/FlyingBeavers/Content/ThirdPersonCPP/Blueprints/Menu/MainMenu_W.uasset
[2017.01.22-19.12.58:956][999]LogSavePackage: Save=4.21ms
[2017.01.22-19.12.58:956][999]LogSavePackage: Moving '../../../../../../Users/lgarreau/Documents/Unreal Projects/FlyingBeavers/Saved/BestFontEVER79FEF676438A3F6610E0D883052CDC39.tmp' to '../../../../../../Users/lgarreau/Documents/Unreal Projects/FlyingBeavers/Content/ThirdPersonCPP/Blueprints/Menu/BestFontEVER.uasset'
[2017.01.22-19.12.58:958][999]LogSavePackage:Display: Finished SavePackage ../../../../../../Users/lgarreau/Documents/Unreal Projects/FlyingBeavers/Content/ThirdPersonCPP/Blueprints/Menu/BestFontEVER.uasset
[2017.01.22-19.14.51:070][789]LogFileHelpers: Editor autosave (incl. sublevels) for '/Game/ThirdPersonCPP/Maps/MainMenuLevel' took 0.034
[2017.01.22-19.14.51:074][789]OBJ SavePackage: Generating thumbnails for [0] asset(s) in package [/Game/ThirdPersonCPP/Blueprints/Menu/BestFontEVER] ([1] browsable assets)...
[2017.01.22-19.14.51:074][789]OBJ SavePackage: Finished generating thumbnails for package [/Game/ThirdPersonCPP/Blueprints/Menu/BestFontEVER]
[2017.01.22-19.14.51:087][789]LogSavePackage: Save=2.95ms
[2017.01.22-19.14.51:087][789]LogSavePackage: Moving '../../../../../../Users/lgarreau/Documents/Unreal Projects/FlyingBeavers/Saved/BestFontEVER_Auto1BD2B8497450946B018B73F9D787C86AC.tmp' to '../../../../../../Users/lgarreau/Documents/Unreal Projects/FlyingBeavers/Saved/Autosaves/Game/ThirdPersonCPP/Blueprints/Menu/BestFontEVER_Auto1.uasset'
[2017.01.22-19.14.51:089][789]LogSavePackage:Display: Finished SavePackage ../../../../../../Users/lgarreau/Documents/Unreal Projects/FlyingBeavers/Saved/Autosaves/Game/ThirdPersonCPP/Blueprints/Menu/BestFontEVER_Auto1.uasset
[2017.01.22-19.14.51:090][789]LogFileHelpers: Auto-saving content packages took 0.018
[2017.01.22-19.21.26:779][709]LogSavePackage: Save=7.57ms
[2017.01.22-19.21.26:779][709]LogSavePackage: Moving '../../../../../../Users/lgarreau/Documents/Unreal Projects/FlyingBeavers/Saved/BestFontEVER0842A9BC4134B5E84062C78E2BFFD54A.tmp' to '../../../../../../Users/lgarreau/Documents/Unreal Projects/FlyingBeavers/Content/ThirdPersonCPP/Blueprints/Menu/BestFontEVER.uasset'
[2017.01.22-19.21.26:781][709]LogSavePackage:Display: Finished SavePackage ../../../../../../Users/lgarreau/Documents/Unreal Projects/FlyingBeavers/Content/ThirdPersonCPP/Blueprints/Menu/BestFontEVER.uasset
[2017.01.22-19.21.27:527][796]LogSavePackage: Save=4.45ms
[2017.01.22-19.21.27:527][796]LogSavePackage: Moving '../../../../../../Users/lgarreau/Documents/Unreal Projects/FlyingBeavers/Saved/BestFontEVER567D45854830B26D61E17388E813E50E.tmp' to '../../../../../../Users/lgarreau/Documents/Unreal Projects/FlyingBeavers/Content/ThirdPersonCPP/Blueprints/Menu/BestFontEVER.uasset'
[2017.01.22-19.21.27:528][796]LogSavePackage:Display: Finished SavePackage ../../../../../../Users/lgarreau/Documents/Unreal Projects/FlyingBeavers/Content/ThirdPersonCPP/Blueprints/Menu/BestFontEVER.uasset
[2017.01.22-19.21.27:663][810]LogSavePackage: Save=4.34ms
[2017.01.22-19.21.27:663][810]LogSavePackage: Moving '../../../../../../Users/lgarreau/Documents/Unreal Projects/FlyingBeavers/Saved/BestFontEVER3ECD2E9D468218BFD18F8AAF47B3D7D4.tmp' to '../../../../../../Users/lgarreau/Documents/Unreal Projects/FlyingBeavers/Content/ThirdPersonCPP/Blueprints/Menu/BestFontEVER.uasset'
[2017.01.22-19.21.27:665][810]LogSavePackage:Display: Finished SavePackage ../../../../../../Users/lgarreau/Documents/Unreal Projects/FlyingBeavers/Content/ThirdPersonCPP/Blueprints/Menu/BestFontEVER.uasset
[2017.01.22-19.21.27:830][828]LogSavePackage: Save=4.32ms
[2017.01.22-19.21.27:830][828]LogSavePackage: Moving '../../../../../../Users/lgarreau/Documents/Unreal Projects/FlyingBeavers/Saved/BestFontEVER67DB41B340CDB06951E400896BFCC3F3.tmp' to '../../../../../../Users/lgarreau/Documents/Unreal Projects/FlyingBeavers/Content/ThirdPersonCPP/Blueprints/Menu/BestFontEVER.uasset'
[2017.01.22-19.21.27:833][828]LogSavePackage:Display: Finished SavePackage ../../../../../../Users/lgarreau/Documents/Unreal Projects/FlyingBeavers/Content/ThirdPersonCPP/Blueprints/Menu/BestFontEVER.uasset
[2017.01.22-19.21.27:992][845]LogSavePackage: Save=4.40ms
[2017.01.22-19.21.27:992][845]LogSavePackage: Moving '../../../../../../Users/lgarreau/Documents/Unreal Projects/FlyingBeavers/Saved/BestFontEVER9B2667B34EC24E8271DE28AFE7CDA876.tmp' to '../../../../../../Users/lgarreau/Documents/Unreal Projects/FlyingBeavers/Content/ThirdPersonCPP/Blueprints/Menu/BestFontEVER.uasset'
[2017.01.22-19.21.27:994][845]LogSavePackage:Display: Finished SavePackage ../../../../../../Users/lgarreau/Documents/Unreal Projects/FlyingBeavers/Content/ThirdPersonCPP/Blueprints/Menu/BestFontEVER.uasset
[2017.01.22-19.21.28:135][860]LogSavePackage: Save=4.44ms
[2017.01.22-19.21.28:135][860]LogSavePackage: Moving '../../../../../../Users/lgarreau/Documents/Unreal Projects/FlyingBeavers/Saved/BestFontEVER598D8A184CE2953ECB538693D00BF361.tmp' to '../../../../../../Users/lgarreau/Documents/Unreal Projects/FlyingBeavers/Content/ThirdPersonCPP/Blueprints/Menu/BestFontEVER.uasset'
[2017.01.22-19.21.28:137][860]LogSavePackage:Display: Finished SavePackage ../../../../../../Users/lgarreau/Documents/Unreal Projects/FlyingBeavers/Content/ThirdPersonCPP/Blueprints/Menu/BestFontEVER.uasset
[2017.01.22-19.21.53:450][167]Cmd: TRANSACTION UNDO
[2017.01.22-19.21.53:450][167]LogEditorTransaction: Undo Rename Font
[2017.01.22-19.21.53:778][203]Cmd: TRANSACTION UNDO
[2017.01.22-19.21.53:778][203]LogEditorTransaction: Undo Rename Font
[2017.01.22-19.21.55:587][417]Cmd: TRANSACTION REDO
[2017.01.22-19.21.55:587][417]LogEditorTransaction: Redo Rename Font
[2017.01.22-19.21.55:939][456]Cmd: TRANSACTION REDO
[2017.01.22-19.21.55:939][456]LogEditorTransaction: Redo Rename Font
[2017.01.22-19.23.09:966][936]LogSavePackage: Save=6.53ms
[2017.01.22-19.23.09:966][936]LogSavePackage: Moving '../../../../../../Users/lgarreau/Documents/Unreal Projects/FlyingBeavers/Saved/BestFontEVER1E40689A4452FB18E510459434D37EEA.tmp' to '../../../../../../Users/lgarreau/Documents/Unreal Projects/FlyingBeavers/Content/ThirdPersonCPP/Blueprints/Menu/BestFontEVER.uasset'
[2017.01.22-19.23.09:969][936]LogSavePackage:Display: Finished SavePackage ../../../../../../Users/lgarreau/Documents/Unreal Projects/FlyingBeavers/Content/ThirdPersonCPP/Blueprints/Menu/BestFontEVER.uasset
[2017.01.22-19.23.10:075][947]LogSavePackage: Save=4.00ms
[2017.01.22-19.23.10:075][947]LogSavePackage: Moving '../../../../../../Users/lgarreau/Documents/Unreal Projects/FlyingBeavers/Saved/BestFontEVER0A848C78460DE5B7E1162E889B5D313D.tmp' to '../../../../../../Users/lgarreau/Documents/Unreal Projects/FlyingBeavers/Content/ThirdPersonCPP/Blueprints/Menu/BestFontEVER.uasset'
[2017.01.22-19.23.10:076][947]LogSavePackage:Display: Finished SavePackage ../../../../../../Users/lgarreau/Documents/Unreal Projects/FlyingBeavers/Content/ThirdPersonCPP/Blueprints/Menu/BestFontEVER.uasset
[2017.01.22-19.23.10:220][963]LogSavePackage: Save=3.91ms
[2017.01.22-19.23.10:220][963]LogSavePackage: Moving '../../../../../../Users/lgarreau/Documents/Unreal Projects/FlyingBeavers/Saved/BestFontEVER54A49C7249FBBD8D7602568C6FCB8A72.tmp' to '../../../../../../Users/lgarreau/Documents/Unreal Projects/FlyingBeavers/Content/ThirdPersonCPP/Blueprints/Menu/BestFontEVER.uasset'
[2017.01.22-19.23.10:222][963]LogSavePackage:Display: Finished SavePackage ../../../../../../Users/lgarreau/Documents/Unreal Projects/FlyingBeavers/Content/ThirdPersonCPP/Blueprints/Menu/BestFontEVER.uasset
[2017.01.22-19.23.10:375][980]LogSavePackage: Save=4.01ms
[2017.01.22-19.23.10:375][980]LogSavePackage: Moving '../../../../../../Users/lgarreau/Documents/Unreal Projects/FlyingBeavers/Saved/BestFontEVER6C9FB492465B257E6279819CECE261B3.tmp' to '../../../../../../Users/lgarreau/Documents/Unreal Projects/FlyingBeavers/Content/ThirdPersonCPP/Blueprints/Menu/BestFontEVER.uasset'
[2017.01.22-19.23.10:377][980]LogSavePackage:Display: Finished SavePackage ../../../../../../Users/lgarreau/Documents/Unreal Projects/FlyingBeavers/Content/ThirdPersonCPP/Blueprints/Menu/BestFontEVER.uasset
[2017.01.22-19.23.10:529][997]LogSavePackage: Save=3.86ms
[2017.01.22-19.23.10:529][997]LogSavePackage: Moving '../../../../../../Users/lgarreau/Documents/Unreal Projects/FlyingBeavers/Saved/BestFontEVER4675B3FD439B1EF00BBDA1A04E27C891.tmp' to '../../../../../../Users/lgarreau/Documents/Unreal Projects/FlyingBeavers/Content/ThirdPersonCPP/Blueprints/Menu/BestFontEVER.uasset'
[2017.01.22-19.23.10:530][997]LogSavePackage:Display: Finished SavePackage ../../../../../../Users/lgarreau/Documents/Unreal Projects/FlyingBeavers/Content/ThirdPersonCPP/Blueprints/Menu/BestFontEVER.uasset
[2017.01.22-19.23.10:675][ 13]LogSavePackage: Save=3.97ms
[2017.01.22-19.23.10:675][ 13]LogSavePackage: Moving '../../../../../../Users/lgarreau/Documents/Unreal Projects/FlyingBeavers/Saved/BestFontEVER16578F774B6B5226B51F4CA46D4E56A3.tmp' to '../../../../../../Users/lgarreau/Documents/Unreal Projects/FlyingBeavers/Content/ThirdPersonCPP/Blueprints/Menu/BestFontEVER.uasset'
[2017.01.22-19.23.10:677][ 13]LogSavePackage:Display: Finished SavePackage ../../../../../../Users/lgarreau/Documents/Unreal Projects/FlyingBeavers/Content/ThirdPersonCPP/Blueprints/Menu/BestFontEVER.uasset
[2017.01.22-19.27.01:757][651]LogFileHelpers: Editor autosave (incl. sublevels) for '/Game/ThirdPersonCPP/Maps/MainMenuLevel' took 0.028
[2017.01.22-19.27.01:759][651]OBJ SavePackage: Generating thumbnails for [0] asset(s) in package [/Game/ThirdPersonCPP/Blueprints/Menu/MainMenu_W] ([1] browsable assets)...
[2017.01.22-19.27.01:759][651]OBJ SavePackage: Finished generating thumbnails for package [/Game/ThirdPersonCPP/Blueprints/Menu/MainMenu_W]
[2017.01.22-19.27.01:783][651]LogSavePackage: Save=17.56ms
[2017.01.22-19.27.01:783][651]LogSavePackage: Moving '../../../../../../Users/lgarreau/Documents/Unreal Projects/FlyingBeavers/Saved/MainMenu_W_Auto236A5CDC745E3B6E971D63DAAA1E8C7CD.tmp' to '../../../../../../Users/lgarreau/Documents/Unreal Projects/FlyingBeavers/Saved/Autosaves/Game/ThirdPersonCPP/Blueprints/Menu/MainMenu_W_Auto2.uasset'
[2017.01.22-19.27.01:787][651]LogSavePackage:Display: Finished SavePackage ../../../../../../Users/lgarreau/Documents/Unreal Projects/FlyingBeavers/Saved/Autosaves/Game/ThirdPersonCPP/Blueprints/Menu/MainMenu_W_Auto2.uasset
[2017.01.22-19.27.01:787][651]LogFileHelpers: Auto-saving content packages took 0.029
[2017.01.22-19.34.37:426][440]BlueprintLog: New page: Compile MainMenu_W
[2017.01.22-19.34.38:128][502]LogSavePackage: Save=9.34ms
[2017.01.22-19.34.38:128][502]LogSavePackage: Moving '../../../../../../Users/lgarreau/Documents/Unreal Projects/FlyingBeavers/Saved/MainMenu_W38DD611C4D12B151BD1C5D972958B9A6.tmp' to '../../../../../../Users/lgarreau/Documents/Unreal Projects/FlyingBeavers/Content/ThirdPersonCPP/Blueprints/Menu/MainMenu_W.uasset'
[2017.01.22-19.34.38:130][502]LogSavePackage:Display: Finished SavePackage ../../../../../../Users/lgarreau/Documents/Unreal Projects/FlyingBeavers/Content/ThirdPersonCPP/Blueprints/Menu/MainMenu_W.uasset
[2017.01.22-19.37.04:454][635]BlueprintLog: New page: Compile MainMenu_W
[2017.01.22-19.37.05:330][726]LogSavePackage: Save=10.28ms
[2017.01.22-19.37.05:330][726]LogSavePackage: Moving '../../../../../../Users/lgarreau/Documents/Unreal Projects/FlyingBeavers/Saved/MainMenu_W46AE663344A442366DDE7AAAEFD617A4.tmp' to '../../../../../../Users/lgarreau/Documents/Unreal Projects/FlyingBeavers/Content/ThirdPersonCPP/Blueprints/Menu/MainMenu_W.uasset'
[2017.01.22-19.37.05:332][726]LogSavePackage:Display: Finished SavePackage ../../../../../../Users/lgarreau/Documents/Unreal Projects/FlyingBeavers/Content/ThirdPersonCPP/Blueprints/Menu/MainMenu_W.uasset
[2017.01.22-19.37.05:726][770]LogSavePackage: Save=10.00ms
[2017.01.22-19.37.05:726][770]LogSavePackage: Moving '../../../../../../Users/lgarreau/Documents/Unreal Projects/FlyingBeavers/Saved/MainMenu_W735BC6894A8716D0511D698235D8827C.tmp' to '../../../../../../Users/lgarreau/Documents/Unreal Projects/FlyingBeavers/Content/ThirdPersonCPP/Blueprints/Menu/MainMenu_W.uasset'
[2017.01.22-19.37.05:727][770]LogSavePackage:Display: Finished SavePackage ../../../../../../Users/lgarreau/Documents/Unreal Projects/FlyingBeavers/Content/ThirdPersonCPP/Blueprints/Menu/MainMenu_W.uasset
[2017.01.22-19.37.05:890][787]LogSavePackage: Save=10.28ms
[2017.01.22-19.37.05:890][787]LogSavePackage: Moving '../../../../../../Users/lgarreau/Documents/Unreal Projects/FlyingBeavers/Saved/MainMenu_W30B883AD4CEAF56063B41E872AC19EC7.tmp' to '../../../../../../Users/lgarreau/Documents/Unreal Projects/FlyingBeavers/Content/ThirdPersonCPP/Blueprints/Menu/MainMenu_W.uasset'
[2017.01.22-19.37.05:892][787]LogSavePackage:Display: Finished SavePackage ../../../../../../Users/lgarreau/Documents/Unreal Projects/FlyingBeavers/Content/ThirdPersonCPP/Blueprints/Menu/MainMenu_W.uasset
[2017.01.22-19.37.08:856][130]LogEditorViewport: Clicking Background
[2017.01.22-19.37.10:195][287]LogTemp: Repeting last play command: Selected Viewport
[2017.01.22-19.37.10:213][287]LogBlueprintUserMessages: Early PlayInEditor Detection: Level '/Game/ThirdPersonCPP/Maps/MainMenuLevel.MainMenuLevel:PersistentLevel' has LevelScriptBlueprint '/Game/ThirdPersonCPP/Maps/MainMenuLevel.MainMenuLevel:PersistentLevel.MainMenuLevel' with GeneratedClass '/Game/ThirdPersonCPP/Maps/MainMenuLevel.MainMenuLevel_C' with ClassGeneratedBy '/Game/ThirdPersonCPP/Maps/MainMenuLevel.MainMenuLevel:PersistentLevel.MainMenuLevel'
[2017.01.22-19.37.10:213][287]LogPlayLevel: PlayLevel: No blueprints needed recompiling
[2017.01.22-19.37.10:213][287]LogOnline:Display: NULL: FOnlineSubsystemNull::Shutdown()
[2017.01.22-19.37.10:214][287]LogModuleManager:Warning: No filename provided for module OnlineSubsystemLAN
[2017.01.22-19.37.10:214][287]LogModuleManager:Warning: ModuleManager: Unable to load module 'OnlineSubsystemLAN' because the file 'C:/Program Files (x86)/Epic Games/4.14/Engine/Binaries/Win64/' was not found.
[2017.01.22-19.37.10:228][287]PIE: New page: PIE session: MainMenuLevel (Jan 22, 2017, 9:37:10 AM)
[2017.01.22-19.37.10:229][287]LogPlayLevel: Creating play world package: /Game/ThirdPersonCPP/Maps/UEDPIE_1_MainMenuLevel
[2017.01.22-19.37.10:230][287]LogPlayLevel: PIE: StaticDuplicateObject took: (0.000905s)
[2017.01.22-19.37.10:230][287]LogAIModule: Creating AISystem for world MainMenuLevel
[2017.01.22-19.37.10:230][287]LogPlayLevel: PIE: World Init took: (0.000565s)
[2017.01.22-19.37.10:230][287]LogPlayLevel: PIE: Created PIE world by copying editor world from /Game/ThirdPersonCPP/Maps/MainMenuLevel.MainMenuLevel to /Game/ThirdPersonCPP/Maps/UEDPIE_1_MainMenuLevel.MainMenuLevel (0.001652s)
[2017.01.22-19.37.10:248][287]LogInit: XAudio2 using 'Haut-parleurs (Realtek High Definition Audio)' : 2 channels at 48 kHz using 32 bits per sample (channel mask 0x3)
[2017.01.22-19.37.10:266][287]LogInit: FAudioDevice initialized.
[2017.01.22-19.37.10:283][287]LogStats:Warning: MetaData mismatch. Did you assign a stat to two groups? New //STATGROUP_Threads//OnlineAsyncTaskThreadNull DefaultInstance///Thread_35a0_0///####STATCAT_Advanced#### old //STATGROUP_Threads//OnlineAsyncTaskThreadNull DefaultInstance///Thread_25d0_0///####STATCAT_Advanced####
[2017.01.22-19.37.10:321][287]LogLoad: Game class is 'MainMenuGameMode_C'
[2017.01.22-19.37.10:324][287]LogWorld: Bringing World /Game/ThirdPersonCPP/Maps/UEDPIE_1_MainMenuLevel.MainMenuLevel up for play (max tick rate 0) at 2017.01.22-14.37.10
[2017.01.22-19.37.10:324][287]LogWorld: Bringing up level for play took: 0.001187
[2017.01.22-19.37.10:339][287]LogSpawn:Warning: SpawnActor failed because no class was specified
[2017.01.22-19.37.10:442][287]LogContentBrowser: Native class hierarchy updated for 'MovieSceneCapture' in 0.0022 seconds. Added 11 classes and 0 folders.
[2017.01.22-19.37.10:444][287]LogInit: WinSock: Socket queue 131072 / 131072
[2017.01.22-19.37.10:445][287]LogInit: WinSock: I am DIM-P46420H (172.16.24.145:0)
[2017.01.22-19.37.10:445][287]PacketHandlerLog: Loaded PacketHandler component: Engine.EngineHandlerComponentFactory (StatelessConnectHandlerComponent)
[2017.01.22-19.37.10:445][287]LogNet: GameNetDriver IpNetDriver_0 IpNetDriver listening on port 7777
[2017.01.22-19.37.10:448][287]PIE: Info Play in editor start time for /Game/ThirdPersonCPP/Maps/UEDPIE_1_MainMenuLevel -0.411
[2017.01.22-19.37.10:451][287]PIE: New page: PIE session: MainMenuLevel (Jan 22, 2017, 9:37:10 AM)
[2017.01.22-19.37.10:510][287]LogNet: Browse: 127.0.0.1//Game/ThirdPersonCPP/Maps/MainMenuLevel
[2017.01.22-19.37.10:510][287]LogInit: WinSock: Socket queue 32768 / 32768
[2017.01.22-19.37.10:510][287]PacketHandlerLog: Loaded PacketHandler component: Engine.EngineHandlerComponentFactory (StatelessConnectHandlerComponent)
[2017.01.22-19.37.10:511][287]LogNet: Game client on port 7777, rate 10000
[2017.01.22-19.37.10:511][287]LogNetVersion: GetLocalNetworkVersion: CL: 3195953, ProjectName: flyingbeavers, ProjectVersion: 1.0.0.0, EngineNetworkVersion: 2, GameNetworkVersion: 0, NetworkChecksum: 1056388570
[2017.01.22-19.37.10:511][287]LogNet: UPendingNetGame::InitNetDriver: Sending hello. [UNetConnection] RemoteAddr: 127.0.0.1:7777, Name: IpConnection_0, Driver: PendingNetDriver IpNetDriver_1, IsServer: NO, PC: NULL, Owner: NULL
[2017.01.22-19.37.10:517][287]PIE: Info Play in editor start time for /Game/ThirdPersonCPP/Maps/MainMenuLevel -0.342
[2017.01.22-19.37.10:526][287]LogBlueprintUserMessages: Late PlayInEditor Detection: Level '/Game/ThirdPersonCPP/Maps/MainMenuLevel.MainMenuLevel:PersistentLevel' has LevelScriptBlueprint '/Game/ThirdPersonCPP/Maps/MainMenuLevel.MainMenuLevel:PersistentLevel.MainMenuLevel' with GeneratedClass '/Game/ThirdPersonCPP/Maps/MainMenuLevel.MainMenuLevel_C' with ClassGeneratedBy '/Game/ThirdPersonCPP/Maps/MainMenuLevel.MainMenuLevel:PersistentLevel.MainMenuLevel'
[2017.01.22-19.37.10:527][287]LogHandshake: SendConnectChallenge. Timestamp: 0.008334, Cookie: 014179004209096185253144202074208095100076136126004226082129
[2017.01.22-19.37.10:563][287]LogHandshake: SendChallengeResponse. Timestamp: 0.008334, Cookie: 014179004209096185253144202074208095100076136126004226082129
[2017.01.22-19.37.10:614][288]LogNet: Server accepting post-challenge connection from: 127.0.0.1:54619
[2017.01.22-19.37.10:614][288]PacketHandlerLog: Loaded PacketHandler component: Engine.EngineHandlerComponentFactory (StatelessConnectHandlerComponent)
[2017.01.22-19.37.10:614][288]LogNet: NotifyAcceptedConnection: Name: MainMenuLevel, TimeStamp: 01/22/17 14:37:10, [UNetConnection] RemoteAddr: 127.0.0.1:54619, Name: IpConnection_1, Driver: GameNetDriver IpNetDriver_0, IsServer: YES, PC: NULL, Owner: NULL
[2017.01.22-19.37.10:615][288]LogNet: AddClientConnection: Added client connection: [UNetConnection] RemoteAddr: 127.0.0.1:54619, Name: IpConnection_1, Driver: GameNetDriver IpNetDriver_0, IsServer: YES, PC: NULL, Owner: NULL
[2017.01.22-19.37.10:643][290]LogNet: NotifyAcceptingChannel Control 0 server World /Game/ThirdPersonCPP/Maps/UEDPIE_1_MainMenuLevel.MainMenuLevel: Accepted
[2017.01.22-19.37.10:643][290]LogNet: Remote platform little endian=1
[2017.01.22-19.37.10:643][290]LogNet: This platform little endian=1
[2017.01.22-19.37.10:661][291]LogNet: Login request: /Game/ThirdPersonCPP/Maps/MainMenuLevel?Name=DIM-P46420H-FBB1851548563D6B8ECE26825C921880 userId: DIM-P46420H-FBB1851548563D6B8ECE26825C921880
[2017.01.22-19.37.10:662][291]LogNet: Welcomed by server (Level: /Game/ThirdPersonCPP/Maps/UEDPIE_1_MainMenuLevel, Game: /Game/ThirdPersonCPP/Blueprints/GameInfo/MainMenuGameMode.MainMenuGameMode_C)
[2017.01.22-19.37.10:662][291]LogLoad: LoadMap: 127.0.0.1//Game/ThirdPersonCPP/Maps/UEDPIE_1_MainMenuLevel?game=/Game/ThirdPersonCPP/Blueprints/GameInfo/MainMenuGameMode.MainMenuGameMode_C
[2017.01.22-19.37.10:684][291]Cmd: MEM
[2017.01.22-19.37.10:710][291]LogMemory: Platform Memory Stats for Windows
[2017.01.22-19.37.10:710][291]LogMemory: Process Physical Memory: 1321.95 MB used, 1325.20 MB peak
[2017.01.22-19.37.10:710][291]LogMemory: Process Virtual Memory: 2032.48 MB used, 2032.48 MB peak
[2017.01.22-19.37.10:710][291]LogMemory: Physical Memory: 5492.21 MB used,  27183.07 MB free, 32675.29 MB total
[2017.01.22-19.37.10:710][291]LogMemory: Virtual Memory: 2903.86 MB used,  27183.07 MB free, 134217728.00 MB total
[2017.01.22-19.37.10:710][291]LogMemory: 
[2017.01.22-19.37.10:710][291]Allocator Stats for TBB: (not implemented)
[2017.01.22-19.37.10:712][291]LogAIModule: Creating AISystem for world MainMenuLevel
[2017.01.22-19.37.10:714][291]LogWorld: Bringing World /Game/ThirdPersonCPP/Maps/UEDPIE_2_MainMenuLevel.MainMenuLevel up for play (max tick rate 0) at 2017.01.22-14.37.10
[2017.01.22-19.37.10:714][291]LogWorld: Bringing up level for play took: 0.001042
[2017.01.22-19.37.10:715][291]LogLoad: Took 0.052706 seconds to LoadMap(/Game/ThirdPersonCPP/Maps/UEDPIE_1_MainMenuLevel)
[2017.01.22-19.37.10:731][292]LogRenderer: Reallocating scene render targets to support 1280x720 NumSamples 1 (Frame:11028).
[2017.01.22-19.37.10:736][292]LogNet: Client netspeed is 10000
[2017.01.22-19.37.10:736][292]LogNet: Join request: /Game/ThirdPersonCPP/Maps/MainMenuLevel?Name=DIM-P46420H-FBB1851548563D6B8ECE26825C921880?SplitscreenCount=1
[2017.01.22-19.37.10:736][292]LogOnline:Warning: NULL: No game present to join for session (Game)
[2017.01.22-19.37.10:738][292]LogNet: Join succeeded: DIM-P46420H-FBB18515
[2017.01.22-19.37.10:742][292]LogSpawn:Warning: SpawnActor failed because no class was specified
[2017.01.22-19.37.10:793][293]LogOnline:Warning: NULL: No game present to join for session (Game)
[2017.01.22-19.37.10:807][294]LogOnline:Warning: NULL: No game present to join for session (Game)
[2017.01.22-19.37.17:146][850]LogBlueprintUserMessages: Early EndPlayMap Detection: Level '/Game/ThirdPersonCPP/Maps/MainMenuLevel.MainMenuLevel:PersistentLevel' has LevelScriptBlueprint '/Game/ThirdPersonCPP/Maps/MainMenuLevel.MainMenuLevel:PersistentLevel.MainMenuLevel' with GeneratedClass '/Game/ThirdPersonCPP/Maps/MainMenuLevel.MainMenuLevel_C' with ClassGeneratedBy '/Game/ThirdPersonCPP/Maps/MainMenuLevel.MainMenuLevel:PersistentLevel.MainMenuLevel'
[2017.01.22-19.37.17:189][850]LogOnline:Display: NULL: FOnlineSubsystemNull::Shutdown()
[2017.01.22-19.37.17:190][850]LogOnline:Warning: NULL: No game present to leave for session (Game)
[2017.01.22-19.37.17:232][850]LogOnline:Display: NULL: FOnlineSubsystemNull::Shutdown()
[2017.01.22-19.37.17:232][850]LogPlayLevel:Display: Shutting down PIE online subsystems
[2017.01.22-19.37.17:233][850]LogBlueprintUserMessages: Late EndPlayMap Detection: Level '/Game/ThirdPersonCPP/Maps/MainMenuLevel.MainMenuLevel:PersistentLevel' has LevelScriptBlueprint '/Game/ThirdPersonCPP/Maps/MainMenuLevel.MainMenuLevel:PersistentLevel.MainMenuLevel' with GeneratedClass '/Game/ThirdPersonCPP/Maps/MainMenuLevel.MainMenuLevel_C' with ClassGeneratedBy '/Game/ThirdPersonCPP/Maps/MainMenuLevel.MainMenuLevel:PersistentLevel.MainMenuLevel'
[2017.01.22-19.37.17:263][850]LogNet: UChannel::CleanUp: ChIndex == 0. Closing connection. [UChannel] ChIndex: 0, Closing: 0 [UNetConnection] RemoteAddr: 127.0.0.1:54619, Name: IpConnection_1, Driver: GameNetDriver IpNetDriver_0, IsServer: YES, PC: PlayerController_1, Owner: PlayerController_1
[2017.01.22-19.37.17:263][850]LogNet: UNetConnection::Close: [UNetConnection] RemoteAddr: 127.0.0.1:54619, Name: IpConnection_1, Driver: GameNetDriver IpNetDriver_0, IsServer: YES, PC: PlayerController_1, Owner: PlayerController_1, Channels: 11, Time: 2017.01.22-19.37.17
[2017.01.22-19.37.17:263][850]LogNet: UChannel::Close: Sending CloseBunch. ChIndex == 0. Name: [UChannel] ChIndex: 0, Closing: 0 [UNetConnection] RemoteAddr: 127.0.0.1:54619, Name: IpConnection_1, Driver: GameNetDriver IpNetDriver_0, IsServer: YES, PC: PlayerController_1, Owner: PlayerController_1
[2017.01.22-19.37.17:264][850]LogNet: UChannel::CleanUp: ChIndex == 0. Closing connection. [UChannel] ChIndex: 0, Closing: 0 [UNetConnection] RemoteAddr: 127.0.0.1:7777, Name: IpConnection_0, Driver: GameNetDriver IpNetDriver_1, IsServer: NO, PC: None, Owner: None
[2017.01.22-19.37.17:265][850]LogNet: UNetConnection::Close: [UNetConnection] RemoteAddr: 127.0.0.1:7777, Name: IpConnection_0, Driver: GameNetDriver IpNetDriver_1, IsServer: NO, PC: None, Owner: None, Channels: 2, Time: 2017.01.22-19.37.17
[2017.01.22-19.37.17:265][850]LogNet: UChannel::Close: Sending CloseBunch. ChIndex == 0. Name: [UChannel] ChIndex: 0, Closing: 0 [UNetConnection] RemoteAddr: 127.0.0.1:7777, Name: IpConnection_0, Driver: GameNetDriver IpNetDriver_1, IsServer: NO, PC: None, Owner: None
[2017.01.22-19.37.17:272][850]LogExit: GameNetDriver None shut down
[2017.01.22-19.37.17:273][850]LogExit: GameNetDriver None shut down
[2017.01.22-19.37.17:307][851]LogPlayLevel:Display: Destroying online subsystem :Context_9
[2017.01.22-19.37.17:307][851]LogOnline:Display: NULL: FOnlineSubsystemNull::Shutdown()
[2017.01.22-19.37.17:307][851]LogPlayLevel:Display: Destroying online subsystem :Context_8
[2017.01.22-19.37.17:307][851]LogOnline:Display: NULL: FOnlineSubsystemNull::Shutdown()
[2017.01.22-19.40.03:915][453]LogFileHelpers: Editor autosave (incl. sublevels) for '/Game/ThirdPersonCPP/Maps/MainMenuLevel' took 0.035
[2017.01.22-19.40.03:917][453]OBJ SavePackage: Generating thumbnails for [0] asset(s) in package [/Game/ThirdPersonCPP/Blueprints/Menu/MainMenu_W] ([1] browsable assets)...
[2017.01.22-19.40.03:917][453]OBJ SavePackage: Finished generating thumbnails for package [/Game/ThirdPersonCPP/Blueprints/Menu/MainMenu_W]
[2017.01.22-19.40.03:956][453]LogSavePackage: Save=28.57ms
[2017.01.22-19.40.03:956][453]LogSavePackage: Moving '../../../../../../Users/lgarreau/Documents/Unreal Projects/FlyingBeavers/Saved/MainMenu_W_Auto3CE5457B44CA3DDF160379D8A93CD2E42.tmp' to '../../../../../../Users/lgarreau/Documents/Unreal Projects/FlyingBeavers/Saved/Autosaves/Game/ThirdPersonCPP/Blueprints/Menu/MainMenu_W_Auto3.uasset'
[2017.01.22-19.40.03:958][453]LogSavePackage:Display: Finished SavePackage ../../../../../../Users/lgarreau/Documents/Unreal Projects/FlyingBeavers/Saved/Autosaves/Game/ThirdPersonCPP/Blueprints/Menu/MainMenu_W_Auto3.uasset
[2017.01.22-19.40.03:959][453]LogFileHelpers: Auto-saving content packages took 0.043
[2017.01.22-19.40.53:927][839]Cmd: QUIT_EDITOR
[2017.01.22-19.40.54:392][839]LogWindowsTextInputMethodSystem:Display: IME system now deactivated.
[2017.01.22-19.40.54:435][839]LogExit: Preparing to exit.
[2017.01.22-19.40.54:763][839]LogDirectoryWatcher: A directory notification for 'C:/Users/lgarreau/Documents/Unreal Projects/FlyingBeavers/Content/' was aborted.
[2017.01.22-19.40.54:824][839]LogExit: Editor shut down
[2017.01.22-19.40.54:824][839]LogExit: Transaction tracking system shut down
[2017.01.22-19.40.55:001][839]LogObj: Freed 0b from 0 cluster array pools.
[2017.01.22-19.40.55:001][839]LogExit: Object subsystem successfully closed.
[2017.01.22-19.40.55:022][839]LogD3D11RHI: Shutdown
[2017.01.22-19.40.55:023][839]LogD3D11RHI: CleanupD3DDevice
[2017.01.22-19.40.55:146][839]LogD3D11RHI: ~FD3D11DynamicRHI
[2017.01.22-19.40.55:177][839]LogHttp:Display: Http module shutting down, but needs to wait on 1 outstanding Http requests:
[2017.01.22-19.40.55:177][839]LogHttp:Display: 	verb=[POST] url=[https://datarouter.ol.epicgames.com/datarouter/api/v1/public/data?SessionID=%7BE3E1457C-4491-EFF9-E67D-5AAD5554EE14%7D&AppID=UEEditor.Rocket.Release&AppVersion=4.14.3-3249277%2B%2B%2BUE4%2BRelease-4.14&UserID=de214c3e46b8edfdb075fc812b90aa1f%7C548046ed47a24790961aaaf1b75d243c%7C1fed1997-a1a9-4550-a185-17716e64a3c1&AppEnvironment=datacollector-binary&UploadType=eteventstream] status=Processing
[2017.01.22-19.40.55:197][839]LogModuleManager: Shutting down and abandoning module MovieSceneCapture (249)
[2017.01.22-19.40.55:198][839]LogModuleManager: Shutting down and abandoning module Voice (248)
[2017.01.22-19.40.55:198][839]LogModuleManager: Shutting down and abandoning module FontEditor (247)
[2017.01.22-19.40.55:198][839]LogModuleManager: Shutting down and abandoning module SequencerWidgets (246)
[2017.01.22-19.40.55:198][839]LogModuleManager: Shutting down and abandoning module BlueprintGraph (245)
[2017.01.22-19.40.55:198][839]LogModuleManager: Shutting down and abandoning module BlueprintProfiler (244)
[2017.01.22-19.40.55:199][839]LogModuleManager: Shutting down and abandoning module HierarchicalLODOutliner (243)
[2017.01.22-19.40.55:199][839]LogModuleManager: Shutting down and abandoning module CrashTracker (242)
[2017.01.22-19.40.55:199][839]LogModuleManager: Shutting down and abandoning module SceneOutliner (241)
[2017.01.22-19.40.55:199][839]LogModuleManager: Shutting down and abandoning module WidgetCarousel (240)
[2017.01.22-19.40.55:199][839]LogModuleManager: Shutting down and abandoning module AddContentDialog (239)
[2017.01.22-19.40.55:199][839]LogDirectoryWatcher: A directory notification for 'C:/Program Files (x86)/Epic Games/4.14/FeaturePacks/' was aborted.
[2017.01.22-19.40.55:201][839]LogModuleManager: Shutting down and abandoning module GameplayTags (238)
[2017.01.22-19.40.55:201][839]LogModuleManager: Shutting down and abandoning module EditorWidgets (237)
[2017.01.22-19.40.55:201][839]LogModuleManager: Shutting down and abandoning module CollectionManager (236)
[2017.01.22-19.40.55:201][839]LogDirectoryWatcher: A directory notification for 'C:/Users/lgarreau/Documents/Unreal Projects/FlyingBeavers/Content/Collections/' was aborted.
[2017.01.22-19.40.55:201][839]LogDirectoryWatcher: A directory notification for 'C:/Users/lgarreau/Documents/Unreal Projects/FlyingBeavers/Content/Developers/lgarreau/Collections/' was aborted.
[2017.01.22-19.40.55:201][839]LogDirectoryWatcher: A directory notification for 'C:/Users/lgarreau/Documents/Unreal Projects/FlyingBeavers/Saved/Collections/' was aborted.
[2017.01.22-19.40.55:201][839]LogModuleManager: Shutting down and abandoning module StatsViewer (235)
[2017.01.22-19.40.55:201][839]LogModuleManager: Shutting down and abandoning module FoliageEdit (234)
[2017.01.22-19.40.55:201][839]LogModuleManager: Shutting down and abandoning module LandscapeEditor (233)
[2017.01.22-19.40.55:201][839]LogModuleManager: Shutting down and abandoning module SceneDepthPickerMode (232)
[2017.01.22-19.40.55:201][839]LogModuleManager: Shutting down and abandoning module ActorPickerMode (231)
[2017.01.22-19.40.55:201][839]LogModuleManager: Shutting down and abandoning module GeometryMode (230)
[2017.01.22-19.40.55:201][839]LogModuleManager: Shutting down and abandoning module TextureAlignMode (229)
[2017.01.22-19.40.55:201][839]LogModuleManager: Shutting down and abandoning module BspMode (228)
[2017.01.22-19.40.55:201][839]LogModuleManager: Shutting down and abandoning module HardwareSurvey (227)
[2017.01.22-19.40.55:201][839]LogModuleManager: Shutting down and abandoning module SequenceRecorderSections (226)
[2017.01.22-19.40.55:201][839]LogModuleManager: Shutting down and abandoning module AutomationWorker (225)
[2017.01.22-19.40.55:201][839]LogModuleManager: Shutting down and abandoning module MatineeToLevelSequence (224)
[2017.01.22-19.40.55:201][839]LogModuleManager: Shutting down and abandoning module PlacementMode (223)
[2017.01.22-19.40.55:201][839]LogModuleManager: Shutting down and abandoning module LevelSequenceEditor (222)
[2017.01.22-19.40.55:201][839]LogModuleManager: Shutting down and abandoning module WmfMediaFactory (221)
[2017.01.22-19.40.55:201][839]LogModuleManager: Shutting down and abandoning module WmfMediaEditor (220)
[2017.01.22-19.40.55:201][839]LogModuleManager: Shutting down and abandoning module AvfMediaFactory (219)
[2017.01.22-19.40.55:201][839]LogModuleManager: Shutting down and abandoning module AvfMediaEditor (218)
[2017.01.22-19.40.55:201][839]LogModuleManager: Shutting down and abandoning module Media (217)
[2017.01.22-19.40.55:201][839]LogModuleManager: Shutting down and abandoning module AndroidMediaFactory (216)
[2017.01.22-19.40.55:201][839]LogModuleManager: Shutting down and abandoning module AndroidMediaEditor (215)
[2017.01.22-19.40.55:201][839]LogModuleManager: Shutting down and abandoning module CharacterAI (214)
[2017.01.22-19.40.55:201][839]LogModuleManager: Shutting down and abandoning module SequenceRecorder (213)
[2017.01.22-19.40.55:201][839]LogModuleManager: Shutting down and abandoning module AudioCapture (212)
[2017.01.22-19.40.55:201][839]LogModuleManager: Shutting down and abandoning module SmartSnapping (211)
[2017.01.22-19.40.55:201][839]LogModuleManager: Shutting down and abandoning module SessionServices (210)
[2017.01.22-19.40.55:201][839]LogModuleManager: Shutting down and abandoning module ViewportSnapping (209)
[2017.01.22-19.40.55:201][839]LogModuleManager: Shutting down and abandoning module ViewportInteraction (208)
[2017.01.22-19.40.55:201][839]LogModuleManager: Shutting down and abandoning module LogVisualizer (207)
[2017.01.22-19.40.55:202][839]LogModuleManager: Shutting down and abandoning module GameProjectGeneration (206)
[2017.01.22-19.40.55:202][839]LogModuleManager: Shutting down and abandoning module IntroTutorials (205)
[2017.01.22-19.40.55:202][839]LogModuleManager: Shutting down and abandoning module EditorLiveStreaming (204)
[2017.01.22-19.40.55:202][839]LogModuleManager: Shutting down and abandoning module IOSPlatformEditor (203)
[2017.01.22-19.40.55:202][839]LogModuleManager: Shutting down and abandoning module HTML5PlatformEditor (202)
[2017.01.22-19.40.55:202][839]LogModuleManager: Shutting down and abandoning module AndroidDeviceDetection (201)
[2017.01.22-19.40.55:899][839]LogModuleManager: Shutting down and abandoning module AndroidPlatformEditor (200)
[2017.01.22-19.40.55:900][839]LogModuleManager: Shutting down and abandoning module IOSRuntimeSettings (199)
[2017.01.22-19.40.55:900][839]LogModuleManager: Shutting down and abandoning module AndroidRuntimeSettings (198)
[2017.01.22-19.40.55:900][839]LogModuleManager: Shutting down and abandoning module InputBindingEditor (197)
[2017.01.22-19.40.55:900][839]LogModuleManager: Shutting down and abandoning module NiagaraEditor (196)
[2017.01.22-19.40.55:900][839]LogModuleManager: Shutting down and abandoning module MergeActors (195)
[2017.01.22-19.40.55:900][839]LogModuleManager: Shutting down and abandoning module SizeMap (194)
[2017.01.22-19.40.55:900][839]LogModuleManager: Shutting down and abandoning module TreeMap (193)
[2017.01.22-19.40.55:900][839]LogModuleManager: Shutting down and abandoning module ReferenceViewer (192)
[2017.01.22-19.40.55:900][839]LogModuleManager: Shutting down and abandoning module LocalizationService (191)
[2017.01.22-19.40.55:900][839]LogModuleManager: Shutting down and abandoning module LocalizationDashboard (190)
[2017.01.22-19.40.55:900][839]LogModuleManager: Shutting down and abandoning module HardwareTargeting (189)
[2017.01.22-19.40.55:900][839]LogModuleManager: Shutting down and abandoning module DeviceProfileEditor (188)
[2017.01.22-19.40.55:900][839]LogModuleManager: Shutting down and abandoning module UndoHistory (187)
[2017.01.22-19.40.55:900][839]LogModuleManager: Shutting down and abandoning module UserFeedback (186)
[2017.01.22-19.40.55:900][839]LogModuleManager: Shutting down and abandoning module XmlParser (185)
[2017.01.22-19.40.55:900][839]LogModuleManager: Shutting down and abandoning module Blutility (184)
[2017.01.22-19.40.55:900][839]LogModuleManager: Shutting down and abandoning module ProjectTargetPlatformEditor (183)
[2017.01.22-19.40.55:900][839]LogModuleManager: Shutting down and abandoning module ProjectSettingsViewer (182)
[2017.01.22-19.40.55:900][839]LogModuleManager: Shutting down and abandoning module EditorSettingsViewer (181)
[2017.01.22-19.40.55:900][839]LogModuleManager: Shutting down and abandoning module SettingsEditor (180)
[2017.01.22-19.40.55:901][839]LogModuleManager: Shutting down and abandoning module ProjectLauncher (179)
[2017.01.22-19.40.55:901][839]LogModuleManager: Shutting down and abandoning module SessionFrontend (178)
[2017.01.22-19.40.55:901][839]LogModuleManager: Shutting down and abandoning module ProfilerClient (177)
[2017.01.22-19.40.55:901][839]LogModuleManager: Shutting down and abandoning module TargetDeviceServices (176)
[2017.01.22-19.40.55:901][839]LogModuleManager: Shutting down and abandoning module DeviceManager (175)
[2017.01.22-19.40.55:953][839]LogModuleManager: Shutting down and abandoning module AutomationController (174)
[2017.01.22-19.40.55:953][839]LogModuleManager: Shutting down and abandoning module AutomationWindow (173)
[2017.01.22-19.40.55:953][839]LogModuleManager: Shutting down and abandoning module Layers (172)
[2017.01.22-19.40.55:953][839]LogModuleManager: Shutting down and abandoning module ComponentVisualizers (171)
[2017.01.22-19.40.55:953][839]LogModuleManager: Shutting down and abandoning module DetailCustomizations (170)
[2017.01.22-19.40.55:953][839]LogModuleManager: Shutting down and abandoning module PackagesDialog (169)
[2017.01.22-19.40.55:953][839]LogModuleManager: Shutting down and abandoning module AnimGraph (168)
[2017.01.22-19.40.55:953][839]LogModuleManager: Shutting down and abandoning module Persona (167)
[2017.01.22-19.40.55:953][839]LogModuleManager: Shutting down and abandoning module Kismet (166)
[2017.01.22-19.40.55:966][839]LogModuleManager: Shutting down and abandoning module GraphEditor (165)
[2017.01.22-19.40.55:966][839]LogModuleManager: Shutting down and abandoning module ClassViewer (164)
[2017.01.22-19.40.55:966][839]LogModuleManager: Shutting down and abandoning module Toolbox (163)
[2017.01.22-19.40.55:966][839]LogModuleManager: Shutting down and abandoning module ModuleUI (162)
[2017.01.22-19.40.55:966][839]LogModuleManager: Shutting down and abandoning module MovieSceneTools (161)
[2017.01.22-19.40.55:966][839]LogModuleManager: Shutting down and abandoning module OutputLog (160)
[2017.01.22-19.40.55:966][839]LogModuleManager: Shutting down and abandoning module GammaUI (159)
[2017.01.22-19.40.55:966][839]LogModuleManager: Shutting down and abandoning module Documentation (158)
[2017.01.22-19.40.55:967][839]LogModuleManager: Shutting down and abandoning module Niagara (157)
[2017.01.22-19.40.55:967][839]LogModuleManager: Shutting down and abandoning module StreamingPauseRendering (156)
[2017.01.22-19.40.55:967][839]LogModuleManager: Shutting down and abandoning module AnalyticsET (155)
[2017.01.22-19.40.55:967][839]LogModuleManager: Shutting down and abandoning module PortalServices (154)
[2017.01.22-19.40.55:967][839]LogModuleManager: Shutting down and abandoning module PortalRpc (153)
[2017.01.22-19.40.55:967][839]LogModuleManager: Shutting down and abandoning module MessagingRpc (152)
[2017.01.22-19.40.55:967][839]LogModuleManager: Shutting down and abandoning module GameplayDebugger (151)
[2017.01.22-19.40.55:967][839]LogModuleManager: Shutting down and abandoning module AITestSuite (150)
[2017.01.22-19.40.55:967][839]LogModuleManager: Shutting down and abandoning module AIModule (149)
[2017.01.22-19.40.55:967][839]LogModuleManager: Shutting down and abandoning module ProfilerService (148)
[2017.01.22-19.40.56:127][839]LogModuleManager: Shutting down and abandoning module TaskGraph (147)
[2017.01.22-19.40.56:127][839]LogModuleManager: Shutting down and abandoning module SlateRemote (146)
[2017.01.22-19.40.56:127][839]LogModuleManager: Shutting down and abandoning module SteamVRController (145)
[2017.01.22-19.40.56:127][839]LogModuleManager: Shutting down and abandoning module SteamVR (144)
[2017.01.22-19.40.56:127][839]LogModuleManager: Shutting down and abandoning module ProceduralMeshComponentEditor (143)
[2017.01.22-19.40.56:127][839]LogModuleManager: Shutting down and abandoning module ProceduralMeshComponent (142)
[2017.01.22-19.40.56:127][839]LogModuleManager: Shutting down and abandoning module OculusLibrary (141)
[2017.01.22-19.40.56:127][839]LogModuleManager: Shutting down and abandoning module OculusInput (140)
[2017.01.22-19.40.56:127][839]LogModuleManager: Shutting down and abandoning module MobilePatchingUtils (139)
[2017.01.22-19.40.56:127][839]LogModuleManager: Shutting down and abandoning module CustomMeshComponent (138)
[2017.01.22-19.40.56:127][839]LogModuleManager: Shutting down and abandoning module CableComponent (137)
[2017.01.22-19.40.56:127][839]LogModuleManager: Shutting down and abandoning module ArchVisCharacter (136)
[2017.01.22-19.40.56:127][839]LogModuleManager: Shutting down and abandoning module MediaPlayerEditor (135)
[2017.01.22-19.40.56:128][839]LogModuleManager: Shutting down and abandoning module HTML5Networking (134)
[2017.01.22-19.40.56:128][839]LogModuleManager: Shutting down and abandoning module GeometryCacheEd (133)
[2017.01.22-19.40.56:128][839]LogModuleManager: Shutting down and abandoning module GeometryCache (132)
[2017.01.22-19.40.56:128][839]LogModuleManager: Shutting down and abandoning module AlembicLibrary (131)
[2017.01.22-19.40.56:128][839]LogModuleManager: Shutting down and abandoning module AlembicImporter (130)
[2017.01.22-19.40.56:128][839]LogModuleManager: Shutting down and abandoning module SuperSearch (129)
[2017.01.22-19.40.56:128][839]LogModuleManager: Shutting down and abandoning module SuperSearchEditor (128)
[2017.01.22-19.40.56:128][839]LogModuleManager: Shutting down and abandoning module SpeedTreeImporter (127)
[2017.01.22-19.40.56:128][839]LogModuleManager: Shutting down and abandoning module PluginBrowser (126)
[2017.01.22-19.40.56:128][839]LogModuleManager: Shutting down and abandoning module MobileLauncherProfileWizard (125)
[2017.01.22-19.40.56:128][839]LogModuleManager: Shutting down and abandoning module EpicSurvey (124)
[2017.01.22-19.40.56:128][839]LogModuleManager: Shutting down and abandoning module DesktopPlatform (123)
[2017.01.22-19.40.56:128][839]LogModuleManager: Shutting down and abandoning module VisualStudioSourceCodeAccess (122)
[2017.01.22-19.40.56:128][839]LogModuleManager: Shutting down and abandoning module UObjectPlugin (121)
[2017.01.22-19.40.56:128][839]LogModuleManager: Shutting down and abandoning module SubversionSourceControl (120)
[2017.01.22-19.40.56:128][839]LogModuleManager: Shutting down and abandoning module PerforceSourceControl (119)
[2017.01.22-19.40.56:128][839]LogModuleManager: Shutting down and abandoning module SourceControl (118)
[2017.01.22-19.40.56:128][839]LogModuleManager: Shutting down and abandoning module GitSourceControl (117)
[2017.01.22-19.40.56:128][839]LogModuleManager: Shutting down and abandoning module LightPropagationVolumeEditor (116)
[2017.01.22-19.40.56:128][839]LogModuleManager: Shutting down and abandoning module PaperTiledImporter (115)
[2017.01.22-19.40.56:128][839]LogModuleManager: Shutting down and abandoning module PaperSpriteSheetImporter (114)
[2017.01.22-19.40.56:128][839]LogModuleManager: Shutting down and abandoning module MeshPaint (113)
[2017.01.22-19.40.56:128][839]LogModuleManager: Shutting down and abandoning module PixelInspectorModule (112)
[2017.01.22-19.40.56:128][839]LogModuleManager: Shutting down and abandoning module HotReload (111)
[2017.01.22-19.40.56:128][839]LogDirectoryWatcher: A directory notification for 'C:/Users/lgarreau/Documents/Unreal Projects/FlyingBeavers/Binaries/Win64' was aborted.
[2017.01.22-19.40.56:129][839]LogModuleManager: Shutting down and abandoning module MainFrame (110)
[2017.01.22-19.40.56:129][839]LogModuleManager: Shutting down and abandoning module LevelEditor (109)
[2017.01.22-19.40.56:131][839]LogModuleManager: Shutting down and abandoning module ContentBrowser (108)
[2017.01.22-19.40.56:133][839]LogModuleManager: Shutting down and abandoning module Paper2DEditor (107)
[2017.01.22-19.40.56:133][839]LogModuleManager: Shutting down and abandoning module FlyingBeavers (106)
[2017.01.22-19.40.56:133][839]LogModuleManager: Shutting down and abandoning module UdpMessaging (105)
[2017.01.22-19.40.56:234][839]LogModuleManager: Shutting down and abandoning module TcpMessaging (104)
[2017.01.22-19.40.56:335][839]LogModuleManager: Shutting down and abandoning module LightPropagationVolumeRuntime (103)
[2017.01.22-19.40.56:335][839]LogModuleManager: Shutting down and abandoning module Paper2D (102)
[2017.01.22-19.40.56:335][839]LogModuleManager: Shutting down and abandoning module WindowsMoviePlayer (101)
[2017.01.22-19.40.56:335][839]LogModuleManager: Shutting down and abandoning module WmfMedia (100)
[2017.01.22-19.40.56:335][839]LogModuleManager: Shutting down and abandoning module MediaAssets (99)
[2017.01.22-19.40.56:335][839]LogModuleManager: Shutting down and abandoning module GameLiveStreaming (98)
[2017.01.22-19.40.56:335][839]LogModuleManager: Shutting down and abandoning module GameplayTagsEditor (97)
[2017.01.22-19.40.56:335][839]LogModuleManager: Shutting down and abandoning module VREditor (96)
[2017.01.22-19.40.56:335][839]LogModuleManager: Shutting down and abandoning module GameplayTasksEditor (95)
[2017.01.22-19.40.56:335][839]LogModuleManager: Shutting down and abandoning module BehaviorTreeEditor (94)
[2017.01.22-19.40.56:335][839]LogModuleManager: Shutting down and abandoning module FunctionalTesting (93)
[2017.01.22-19.40.56:335][839]LogModuleManager: Shutting down and abandoning module CollisionAnalyzer (92)
[2017.01.22-19.40.56:335][839]LogModuleManager: Shutting down and abandoning module Sequencer (91)
[2017.01.22-19.40.56:335][839]LogModuleManager: Shutting down and abandoning module WorkspaceMenuStructure (90)
[2017.01.22-19.40.56:335][839]LogModuleManager: Shutting down and abandoning module MessageLog (89)
[2017.01.22-19.40.56:335][839]LogModuleManager: Shutting down and abandoning module AssetTools (88)
[2017.01.22-19.40.56:336][839]LogModuleManager: Shutting down and abandoning module UMGEditor (87)
[2017.01.22-19.40.56:336][839]LogModuleManager: Shutting down and abandoning module UMG (86)
[2017.01.22-19.40.56:336][839]LogModuleManager: Shutting down and abandoning module SlateReflector (85)
[2017.01.22-19.40.56:336][839]LogModuleManager: Shutting down and abandoning module Slate (84)
[2017.01.22-19.40.56:336][839]LogModuleManager: Shutting down and abandoning module EditorStyle (83)
[2017.01.22-19.40.56:342][839]LogModuleManager: Shutting down and abandoning module SourceCodeAccess (82)
[2017.01.22-19.40.56:342][839]LogModuleManager: Shutting down and abandoning module HeadMountedDisplay (81)
[2017.01.22-19.40.56:342][839]LogModuleManager: Shutting down and abandoning module XAudio2 (80)
[2017.01.22-19.40.56:342][839]LogModuleManager: Shutting down and abandoning module Networking (79)
[2017.01.22-19.40.56:342][839]LogModuleManager: Shutting down and abandoning module Core (78)
[2017.01.22-19.40.56:342][839]LogModuleManager: Shutting down and abandoning module DirectoryWatcher (77)
[2017.01.22-19.40.56:342][839]LogDirectoryWatcher: A directory notification for '../../../Engine/Content/' was aborted.
[2017.01.22-19.40.56:342][839]LogDirectoryWatcher: A directory notification for '../../../../../../Users/lgarreau/Documents/Unreal Projects/FlyingBeavers/Content/' was aborted.
[2017.01.22-19.40.56:342][839]LogDirectoryWatcher: A directory notification for '../../../Engine/Plugins/2D/Paper2D/Content/' was aborted.
[2017.01.22-19.40.56:343][839]LogModuleManager: Shutting down and abandoning module AssetRegistry (76)
[2017.01.22-19.40.56:486][839]LogModuleManager: Shutting down and abandoning module KismetCompiler (75)
[2017.01.22-19.40.56:486][839]LogModuleManager: Shutting down and abandoning module PhysXFormats (74)
[2017.01.22-19.40.56:486][839]LogModuleManager: Shutting down and abandoning module SimplygonSwarm (73)
[2017.01.22-19.40.56:486][839]LogModuleManager: Shutting down and abandoning module SimplygonMeshReduction (72)
[2017.01.22-19.40.56:486][839]LogModuleManager: Shutting down and abandoning module QuadricMeshReduction (71)
[2017.01.22-19.40.56:486][839]LogModuleManager: Shutting down and abandoning module PropertyEditor (70)
[2017.01.22-19.40.56:486][839]LogModuleManager: Shutting down and abandoning module MeshUtilities (69)
[2017.01.22-19.40.56:486][839]LogModuleManager: Shutting down and abandoning module DerivedDataCache (68)
[2017.01.22-19.40.56:552][839]LogDerivedDataCache: Shutdown
[2017.01.22-19.40.56:552][839]LogModuleManager: Shutting down and abandoning module VulkanShaderFormat (67)
[2017.01.22-19.40.56:552][839]LogModuleManager: Shutting down and abandoning module ShaderFormatOpenGL (66)
[2017.01.22-19.40.56:552][839]LogModuleManager: Shutting down and abandoning module ShaderFormatD3D (65)
[2017.01.22-19.40.56:552][839]LogModuleManager: Shutting down and abandoning module MetalShaderFormat (64)
[2017.01.22-19.40.56:552][839]LogModuleManager: Shutting down and abandoning module TextureFormatUncompressed (63)
[2017.01.22-19.40.56:552][839]LogModuleManager: Shutting down and abandoning module TextureFormatPVR (62)
[2017.01.22-19.40.56:552][839]LogModuleManager: Shutting down and abandoning module TextureFormatDXT (61)
[2017.01.22-19.40.56:552][839]LogModuleManager: Shutting down and abandoning module TextureFormatIntelISPCTexComp (60)
[2017.01.22-19.40.56:552][839]LogModuleManager: Shutting down and abandoning module ImageWrapper (59)
[2017.01.22-19.40.56:552][839]LogModuleManager: Shutting down and abandoning module TextureFormatASTC (58)
[2017.01.22-19.40.56:552][839]LogModuleManager: Shutting down and abandoning module TextureFormatAndroid (57)
[2017.01.22-19.40.56:552][839]LogModuleManager: Shutting down and abandoning module AudioFormatOpus (56)
[2017.01.22-19.40.56:552][839]LogModuleManager: Shutting down and abandoning module AudioFormatOgg (55)
[2017.01.22-19.40.56:552][839]LogModuleManager: Shutting down and abandoning module AudioFormatADPCM (54)
[2017.01.22-19.40.56:552][839]LogModuleManager: Shutting down and abandoning module LinuxTargetPlatform (53)
[2017.01.22-19.40.56:552][839]LogModuleManager: Shutting down and abandoning module LinuxServerTargetPlatform (52)
[2017.01.22-19.40.56:552][839]LogModuleManager: Shutting down and abandoning module LinuxNoEditorTargetPlatform (51)
[2017.01.22-19.40.56:552][839]LogModuleManager: Shutting down and abandoning module LinuxClientTargetPlatform (50)
[2017.01.22-19.40.56:552][839]LogModuleManager: Shutting down and abandoning module TVOSTargetPlatform (49)
[2017.01.22-19.40.56:552][839]LogModuleManager: Shutting down and abandoning module Messaging (48)
[2017.01.22-19.40.56:552][839]LogModuleManager: Shutting down and abandoning module IOSTargetPlatform (47)
[2017.01.22-19.40.56:552][839]LogModuleManager: Shutting down and abandoning module HTML5TargetPlatform (46)
[2017.01.22-19.40.56:552][839]LogModuleManager: Shutting down and abandoning module Android_PVRTCTargetPlatform (45)
[2017.01.22-19.40.56:552][839]LogModuleManager: Shutting down and abandoning module Android_MultiTargetPlatform (44)
[2017.01.22-19.40.56:552][839]LogModuleManager: Shutting down and abandoning module Android_ETC2TargetPlatform (43)
[2017.01.22-19.40.56:552][839]LogModuleManager: Shutting down and abandoning module Android_ETC1TargetPlatform (42)
[2017.01.22-19.40.56:552][839]LogModuleManager: Shutting down and abandoning module Android_DXTTargetPlatform (41)
[2017.01.22-19.40.56:552][839]LogModuleManager: Shutting down and abandoning module Android_ATCTargetPlatform (40)
[2017.01.22-19.40.56:552][839]LogModuleManager: Shutting down and abandoning module Android_ASTCTargetPlatform (39)
[2017.01.22-19.40.56:552][839]LogModuleManager: Shutting down and abandoning module AndroidTargetPlatform (38)
[2017.01.22-19.40.56:552][839]LogModuleManager: Shutting down and abandoning module WindowsTargetPlatform (37)
[2017.01.22-19.40.56:552][839]LogModuleManager: Shutting down and abandoning module WindowsServerTargetPlatform (36)
[2017.01.22-19.40.56:552][839]LogModuleManager: Shutting down and abandoning module WindowsNoEditorTargetPlatform (35)
[2017.01.22-19.40.56:552][839]LogModuleManager: Shutting down and abandoning module WindowsClientTargetPlatform (34)
[2017.01.22-19.40.56:552][839]LogModuleManager: Shutting down and abandoning module MacTargetPlatform (33)
[2017.01.22-19.40.56:552][839]LogModuleManager: Shutting down and abandoning module MacServerTargetPlatform (32)
[2017.01.22-19.40.56:553][839]LogModuleManager: Shutting down and abandoning module MacNoEditorTargetPlatform (31)
[2017.01.22-19.40.56:553][839]LogModuleManager: Shutting down and abandoning module MacClientTargetPlatform (30)
[2017.01.22-19.40.56:553][839]LogModuleManager: Shutting down and abandoning module AllDesktopTargetPlatform (29)
[2017.01.22-19.40.56:553][839]LogModuleManager: Shutting down and abandoning module TargetPlatform (28)
[2017.01.22-19.40.56:553][839]LogModuleManager: Shutting down and abandoning module InputCore (27)
[2017.01.22-19.40.56:553][839]LogModuleManager: Shutting down and abandoning module Settings (26)
[2017.01.22-19.40.56:553][839]LogModuleManager: Shutting down and abandoning module OculusRift (25)
[2017.01.22-19.40.56:553][839]LogModuleManager: Shutting down and abandoning module ExampleDeviceProfileSelector (24)
[2017.01.22-19.40.56:553][839]LogModuleManager: Shutting down and abandoning module OnlineBlueprintSupport (23)
[2017.01.22-19.40.56:553][839]LogModuleManager: Shutting down and abandoning module OnlineSubsystem (18)
[2017.01.22-19.40.56:553][839]LogOnline:Display: NULL: FOnlineSubsystemNull::Shutdown()
[2017.01.22-19.40.56:554][839]LogOnline:Display: Unloading online subsystem: NULL
[2017.01.22-19.40.56:554][839]LogModuleManager: Shutting down and abandoning module SSL (17)
[2017.01.22-19.40.56:557][839]LogModuleManager: Shutting down and abandoning module HTTP (16)
[2017.01.22-19.40.56:557][839]LogModuleManager: Shutting down and abandoning module XMPP (15)
[2017.01.22-19.40.56:557][839]LogModuleManager: Shutting down and abandoning module TextureCompressor (14)
[2017.01.22-19.40.56:557][839]LogModuleManager: Shutting down and abandoning module ShaderCore (13)
[2017.01.22-19.40.56:557][839]LogModuleManager: Shutting down and abandoning module Landscape (12)
[2017.01.22-19.40.56:557][839]LogModuleManager: Shutting down and abandoning module SlateRHIRenderer (11)
[2017.01.22-19.40.56:564][839]LogModuleManager: Shutting down and abandoning module OpenGLDrv (10)
[2017.01.22-19.40.56:564][839]LogModuleManager: Shutting down and abandoning module D3D11RHI (9)
[2017.01.22-19.40.56:564][839]LogModuleManager: Shutting down and abandoning module AnimGraphRuntime (8)
[2017.01.22-19.40.56:564][839]LogModuleManager: Shutting down and abandoning module Renderer (7)
[2017.01.22-19.40.56:564][839]LogModuleManager: Shutting down and abandoning module Engine (6)
[2017.01.22-19.40.56:564][839]LogModuleManager: Shutting down and abandoning module CoreUObject (5)
[2017.01.22-19.40.56:564][839]LogModuleManager: Shutting down and abandoning module NetworkFile (4)
[2017.01.22-19.40.56:564][839]LogModuleManager: Shutting down and abandoning module StreamingFile (3)
[2017.01.22-19.40.56:564][839]LogModuleManager: Shutting down and abandoning module SandboxFile (2)
[2017.01.22-19.40.56:564][839]LogModuleManager: Shutting down and abandoning module PakFile (1)
[2017.01.22-19.40.56:569][839]LogExit: Exiting.
[2017.01.22-19.40.56:583][839]Log file closed, 01/22/17 14:40:56
